2023-01-03 16:29:27,126 INFO    StreamThr :21984 [internal.py:wandb_internal():90] W&B internal server running at pid: 21984, started at: 2023-01-03 16:29:27.125584
2023-01-03 16:29:27,127 DEBUG   HandlerThread:21984 [handler.py:handle_request():139] handle_request: status
2023-01-03 16:29:27,129 DEBUG   SenderThread:21984 [sender.py:send_request():317] send_request: status
2023-01-03 16:29:27,130 DEBUG   SenderThread:21984 [sender.py:send():303] send: header
2023-01-03 16:29:27,130 INFO    WriterThread:21984 [datastore.py:open_for_write():75] open: C:\Users\jandr\Documents\Terran\Master thesis\EigenDRL\wandb\run-20230103_162927-3eg2oh8p\run-3eg2oh8p.wandb
2023-01-03 16:29:27,159 DEBUG   SenderThread:21984 [sender.py:send():303] send: run
2023-01-03 16:29:27,701 DEBUG   HandlerThread:21984 [handler.py:handle_request():139] handle_request: check_version
2023-01-03 16:29:27,704 INFO    SenderThread:21984 [dir_watcher.py:__init__():216] watching files in: C:\Users\jandr\Documents\Terran\Master thesis\EigenDRL\wandb\run-20230103_162927-3eg2oh8p\files
2023-01-03 16:29:27,705 INFO    SenderThread:21984 [sender.py:_start_run_threads():931] run started: 3eg2oh8p with start time 1672759767.124085
2023-01-03 16:29:27,705 DEBUG   SenderThread:21984 [sender.py:send():303] send: summary
2023-01-03 16:29:27,705 INFO    SenderThread:21984 [sender.py:_save_file():1171] saving file wandb-summary.json with policy end
2023-01-03 16:29:27,705 DEBUG   SenderThread:21984 [sender.py:send_request():317] send_request: check_version
2023-01-03 16:29:27,839 DEBUG   HandlerThread:21984 [handler.py:handle_request():139] handle_request: run_start
2023-01-03 16:29:28,433 DEBUG   HandlerThread:21984 [system_info.py:__init__():31] System info init
2023-01-03 16:29:28,434 DEBUG   HandlerThread:21984 [system_info.py:__init__():46] System info init done
2023-01-03 16:29:28,434 INFO    HandlerThread:21984 [system_monitor.py:start():150] Starting system monitor
2023-01-03 16:29:28,434 INFO    SystemMonitor:21984 [system_monitor.py:_start():116] Starting system asset monitoring threads
2023-01-03 16:29:28,434 INFO    HandlerThread:21984 [system_monitor.py:probe():171] Collecting system info
2023-01-03 16:29:28,443 INFO    SystemMonitor:21984 [interfaces.py:start():168] Started cpu
2023-01-03 16:29:28,443 INFO    SystemMonitor:21984 [interfaces.py:start():168] Started disk
2023-01-03 16:29:28,444 INFO    SystemMonitor:21984 [interfaces.py:start():168] Started gpu
2023-01-03 16:29:28,454 INFO    SystemMonitor:21984 [interfaces.py:start():168] Started memory
2023-01-03 16:29:28,465 INFO    SystemMonitor:21984 [interfaces.py:start():168] Started network
2023-01-03 16:29:28,471 DEBUG   HandlerThread:21984 [system_info.py:probe():195] Probing system
2023-01-03 16:29:28,473 DEBUG   HandlerThread:21984 [system_info.py:_probe_git():180] Probing git
2023-01-03 16:29:28,537 DEBUG   HandlerThread:21984 [system_info.py:_probe_git():188] Probing git done
2023-01-03 16:29:28,537 DEBUG   HandlerThread:21984 [system_info.py:probe():241] Probing system done
2023-01-03 16:29:28,537 DEBUG   HandlerThread:21984 [system_monitor.py:probe():180] {'os': 'Windows-10-10.0.22000-SP0', 'python': '3.7.15', 'heartbeatAt': '2023-01-03T15:29:28.471723', 'startedAt': '2023-01-03T15:29:27.112084', 'docker': None, 'cuda': None, 'args': ('--algo', 'tqc', '--env', 'TestEnvironment-v1', '--progress', '--conf-file', '.\\hyperparams\\tqc.yml', '--eval-freq', '200', '--track', '--wandb-project-name', 'EigenHunt'), 'state': 'running', 'program': 'C:\\Users\\jandr\\anaconda3\\envs\\dlr\\Scripts\\rl_zoo3-script.py', 'codePath': '..\\..\\..\\..\\anaconda3\\envs\\dlr\\Scripts\\rl_zoo3-script.py', 'git': {'remote': 'https://github.com/coin15/EigenDRL.git', 'commit': '777be1fae6f44f3c6d1b646d2793f01262d0f7af'}, 'email': 'ge56ruj@mytum.de', 'root': 'C:/Users/jandr/Documents/Terran/Master thesis/EigenDRL', 'host': 'LAPTOP-N6EUVKRH', 'username': 'jandr', 'executable': 'C:\\Users\\jandr\\anaconda3\\envs\\dlr\\python.exe', 'cpu_count': 8, 'cpu_count_logical': 16, 'cpu_freq': {'current': 2652.0, 'min': 0.0, 'max': 3301.0}, 'cpu_freq_per_core': [{'current': 2652.0, 'min': 0.0, 'max': 3301.0}], 'disk': {'total': 455.5081214904785, 'used': 425.40239334106445}, 'gpu': 'NVIDIA GeForce RTX 3060 Laptop GPU', 'gpu_count': 1, 'gpu_devices': [{'name': 'NVIDIA GeForce RTX 3060 Laptop GPU', 'memory_total': 6442450944}], 'memory': {'total': 15.422203063964844}}
2023-01-03 16:29:28,537 INFO    HandlerThread:21984 [system_monitor.py:probe():181] Finished collecting system info
2023-01-03 16:29:28,537 INFO    HandlerThread:21984 [system_monitor.py:probe():184] Publishing system info
2023-01-03 16:29:28,537 DEBUG   HandlerThread:21984 [system_info.py:_save_pip():52] Saving list of pip packages installed into the current environment
2023-01-03 16:29:28,538 DEBUG   HandlerThread:21984 [system_info.py:_save_pip():67] Saving pip packages done
2023-01-03 16:29:28,538 DEBUG   HandlerThread:21984 [system_info.py:_save_conda():75] Saving list of conda packages installed into the current environment
2023-01-03 16:29:28,541 ERROR   HandlerThread:21984 [system_info.py:_save_conda():85] Error saving conda packages: [WinError 2] The system cannot find the file specified
Traceback (most recent call last):
  File "C:\Users\jandr\anaconda3\envs\dlr\lib\site-packages\wandb\sdk\internal\system\system_info.py", line 82, in _save_conda
    ["conda", "env", "export"], stdout=f, stderr=subprocess.DEVNULL
  File "C:\Users\jandr\anaconda3\envs\dlr\lib\subprocess.py", line 339, in call
    with Popen(*popenargs, **kwargs) as p:
  File "C:\Users\jandr\anaconda3\envs\dlr\lib\subprocess.py", line 800, in __init__
    restore_signals, start_new_session)
  File "C:\Users\jandr\anaconda3\envs\dlr\lib\subprocess.py", line 1207, in _execute_child
    startupinfo)
FileNotFoundError: [WinError 2] The system cannot find the file specified
2023-01-03 16:29:28,542 DEBUG   HandlerThread:21984 [system_info.py:_save_conda():86] Saving conda packages done
2023-01-03 16:29:28,542 DEBUG   HandlerThread:21984 [system_info.py:_save_code():89] Saving code
2023-01-03 16:29:28,574 DEBUG   HandlerThread:21984 [system_info.py:_save_code():110] Saving code done
2023-01-03 16:29:28,574 DEBUG   HandlerThread:21984 [system_info.py:_save_patches():127] Saving git patches
2023-01-03 16:29:28,720 INFO    Thread-17 :21984 [dir_watcher.py:_on_file_created():275] file/dir created: C:\Users\jandr\Documents\Terran\Master thesis\EigenDRL\wandb\run-20230103_162927-3eg2oh8p\files\wandb-summary.json
2023-01-03 16:29:28,720 INFO    Thread-17 :21984 [dir_watcher.py:_on_file_created():275] file/dir created: C:\Users\jandr\Documents\Terran\Master thesis\EigenDRL\wandb\run-20230103_162927-3eg2oh8p\files\conda-environment.yaml
2023-01-03 16:29:28,720 INFO    Thread-17 :21984 [dir_watcher.py:_on_file_created():275] file/dir created: C:\Users\jandr\Documents\Terran\Master thesis\EigenDRL\wandb\run-20230103_162927-3eg2oh8p\files\diff.patch
2023-01-03 16:29:28,720 INFO    Thread-17 :21984 [dir_watcher.py:_on_file_created():275] file/dir created: C:\Users\jandr\Documents\Terran\Master thesis\EigenDRL\wandb\run-20230103_162927-3eg2oh8p\files\requirements.txt
2023-01-03 16:29:28,742 DEBUG   HandlerThread:21984 [system_info.py:_save_patches():169] Saving git patches done
2023-01-03 16:29:28,743 INFO    HandlerThread:21984 [system_monitor.py:probe():186] Finished publishing system info
2023-01-03 16:29:28,789 DEBUG   SenderThread:21984 [sender.py:send():303] send: files
2023-01-03 16:29:28,789 INFO    SenderThread:21984 [sender.py:_save_file():1171] saving file wandb-metadata.json with policy now
2023-01-03 16:29:28,790 INFO    SenderThread:21984 [sender.py:_save_file():1171] saving file code\..\..\..\..\anaconda3\envs\dlr\Scripts\rl_zoo3-script.py with policy now
2023-01-03 16:29:28,791 INFO    SenderThread:21984 [sender.py:_save_file():1171] saving file diff.patch with policy now
2023-01-03 16:29:28,796 DEBUG   HandlerThread:21984 [handler.py:handle_request():139] handle_request: stop_status
2023-01-03 16:29:28,798 DEBUG   SenderThread:21984 [sender.py:send_request():317] send_request: stop_status
2023-01-03 16:29:28,830 INFO    HandlerThread:21984 [handler.py:handle_tbrecord():724] handling tbrecord: tbrecord {
  log_dir: "runs/TestEnvironment-v1__tqc__2732247234__1672759765\\TestEnvironment-v1\\TQC_1"
  save: true
}
control {
  relay_id: "87d5a7164f224f4090317813fde0a66c"
}
_info {
  stream_id: "3eg2oh8p"
}

2023-01-03 16:29:28,830 DEBUG   HandlerThread:21984 [config_util.py:dict_from_config_file():100] no default config file found in config-defaults.yaml
2023-01-03 16:29:28,865 DEBUG   Thread-36 :21984 [tb_watcher.py:_process_events():275] Encountered tensorboard directory watcher error: symbolic link privilege not held
2023-01-03 16:29:29,068 DEBUG   SenderThread:21984 [sender.py:send():303] send: telemetry
2023-01-03 16:29:29,072 DEBUG   SenderThread:21984 [sender.py:send():303] send: config
2023-01-03 16:29:29,072 DEBUG   SenderThread:21984 [sender.py:send():303] send: tbrecord
2023-01-03 16:29:29,311 ERROR   Thread-33 :21984 [internal_api.py:upload_file():1924] upload_file exception https://storage.googleapis.com/wandb-production.appspot.com/tum-adlr-ss22-02/EigenHunt/3eg2oh8p/../../../anaconda3/envs/dlr/Scripts/rl_zoo3-script.py?Expires=1672846167&GoogleAccessId=wandb-production%40appspot.gserviceaccount.com&Signature=QSpzQQRwqPHd%2BT1faOwqUjZZB79477U0PQNQ3M5kSME149EgHG0Xau1E%2BwczNk0VSVEuC2en3H3NTEdHcB0Q24DSxjXv47CsL5ut%2BtSYmMx%2BsBcgOJKGdRJPMIY8%2BQACxVaTc79SElWTq%2F6WsG0ZtRCsQTpC1l1QHYSwv8aVD5y5pZOx7NKJQc3EABSGuPZAC7ePCB0F8%2BxLyRp9Qz4CIoZ5vYwc7ow2c%2F8%2BrtonvpJE0ZtqeGRGM0cwHFCBn1d8j1Un3XX%2B%2BEhXLqMAG3eAz%2Bj6MwCabdGF3UX4O7mAuxlLbcdgDROle86bj1Rpz9n42k6hp4q5odWJaIP0tYeMOg%3D%3D: 403 Client Error: Forbidden for url: https://storage.googleapis.com/wandb-production.appspot.com/anaconda3/envs/dlr/Scripts/rl_zoo3-script.py?Expires=1672846167&GoogleAccessId=wandb-production%40appspot.gserviceaccount.com&Signature=QSpzQQRwqPHd%2BT1faOwqUjZZB79477U0PQNQ3M5kSME149EgHG0Xau1E%2BwczNk0VSVEuC2en3H3NTEdHcB0Q24DSxjXv47CsL5ut%2BtSYmMx%2BsBcgOJKGdRJPMIY8%2BQACxVaTc79SElWTq%2F6WsG0ZtRCsQTpC1l1QHYSwv8aVD5y5pZOx7NKJQc3EABSGuPZAC7ePCB0F8%2BxLyRp9Qz4CIoZ5vYwc7ow2c%2F8%2BrtonvpJE0ZtqeGRGM0cwHFCBn1d8j1Un3XX%2B%2BEhXLqMAG3eAz%2Bj6MwCabdGF3UX4O7mAuxlLbcdgDROle86bj1Rpz9n42k6hp4q5odWJaIP0tYeMOg%3D%3D
2023-01-03 16:29:29,311 ERROR   Thread-33 :21984 [internal_api.py:upload_file():1926] upload_file request headers: {'User-Agent': 'python-requests/2.28.1', 'Accept-Encoding': 'gzip, deflate', 'Accept': '*/*', 'Connection': 'keep-alive', 'Content-Length': '998'}
2023-01-03 16:29:29,311 ERROR   Thread-33 :21984 [internal_api.py:upload_file():1928] upload_file response body: b"<?xml version='1.0' encoding='UTF-8'?><Error><Code>SignatureDoesNotMatch</Code><Message>The request signature we calculated does not match the signature you provided. Check your Google secret key and signing method.</Message><StringToSign>PUT\n\n\n1672846167\n/wandb-production.appspot.com/anaconda3/envs/dlr/Scripts/rl_zoo3-script.py</StringToSign></Error>"
2023-01-03 16:29:29,315 ERROR   Thread-33 :21984 [upload_job.py:push():146] Failed to upload file: C:\Users\jandr\AppData\Local\Temp\tmpbdllfrifwandb\idd0ch2n-../../../anaconda3/envs/dlr/Scripts/rl_zoo3-script.py
Traceback (most recent call last):
  File "C:\Users\jandr\anaconda3\envs\dlr\lib\site-packages\wandb\apis\normalize.py", line 26, in wrapper
    return func(*args, **kwargs)
  File "C:\Users\jandr\anaconda3\envs\dlr\lib\site-packages\wandb\sdk\lib\retry.py", line 190, in wrapped_fn
    return retrier(*args, **kargs)
  File "C:\Users\jandr\anaconda3\envs\dlr\lib\site-packages\wandb\sdk\lib\retry.py", line 113, in __call__
    result = self._call_fn(*args, **kwargs)
  File "C:\Users\jandr\anaconda3\envs\dlr\lib\site-packages\wandb\sdk\internal\internal_api.py", line 1950, in upload_file
    util.sentry_reraise(e)
  File "C:\Users\jandr\anaconda3\envs\dlr\lib\site-packages\wandb\util.py", line 222, in sentry_reraise
    raise exc.with_traceback(sys.exc_info()[2])
  File "C:\Users\jandr\anaconda3\envs\dlr\lib\site-packages\wandb\sdk\internal\internal_api.py", line 1922, in upload_file
    response.raise_for_status()
  File "C:\Users\jandr\anaconda3\envs\dlr\lib\site-packages\requests\models.py", line 1021, in raise_for_status
    raise HTTPError(http_error_msg, response=self)
requests.exceptions.HTTPError: 403 Client Error: Forbidden for url: https://storage.googleapis.com/wandb-production.appspot.com/anaconda3/envs/dlr/Scripts/rl_zoo3-script.py?Expires=1672846167&GoogleAccessId=wandb-production%40appspot.gserviceaccount.com&Signature=QSpzQQRwqPHd%2BT1faOwqUjZZB79477U0PQNQ3M5kSME149EgHG0Xau1E%2BwczNk0VSVEuC2en3H3NTEdHcB0Q24DSxjXv47CsL5ut%2BtSYmMx%2BsBcgOJKGdRJPMIY8%2BQACxVaTc79SElWTq%2F6WsG0ZtRCsQTpC1l1QHYSwv8aVD5y5pZOx7NKJQc3EABSGuPZAC7ePCB0F8%2BxLyRp9Qz4CIoZ5vYwc7ow2c%2F8%2BrtonvpJE0ZtqeGRGM0cwHFCBn1d8j1Un3XX%2B%2BEhXLqMAG3eAz%2Bj6MwCabdGF3UX4O7mAuxlLbcdgDROle86bj1Rpz9n42k6hp4q5odWJaIP0tYeMOg%3D%3D

During handling of the above exception, another exception occurred:

Traceback (most recent call last):
  File "C:\Users\jandr\anaconda3\envs\dlr\lib\site-packages\wandb\filesync\upload_job.py", line 141, in push
    extra_headers=extra_headers,
  File "C:\Users\jandr\anaconda3\envs\dlr\lib\site-packages\wandb\apis\normalize.py", line 28, in wrapper
    raise CommError(err.response, err)
wandb.errors.CommError: <Response [403]>
2023-01-03 16:29:29,476 INFO    Thread-32 :21984 [upload_job.py:push():143] Uploaded file C:\Users\jandr\AppData\Local\Temp\tmpbdllfrifwandb\28lhd0cj-wandb-metadata.json
2023-01-03 16:29:29,549 INFO    Thread-34 :21984 [upload_job.py:push():143] Uploaded file C:\Users\jandr\AppData\Local\Temp\tmpbdllfrifwandb\2d4ki9eb-diff.patch
2023-01-03 16:29:29,723 INFO    Thread-17 :21984 [dir_watcher.py:_on_file_created():275] file/dir created: C:\Users\jandr\Documents\Terran\Master thesis\EigenDRL\wandb\run-20230103_162927-3eg2oh8p\files\output.log
2023-01-03 16:29:29,723 INFO    Thread-17 :21984 [dir_watcher.py:_on_file_created():275] file/dir created: C:\Users\jandr\Documents\Terran\Master thesis\EigenDRL\wandb\run-20230103_162927-3eg2oh8p\files\wandb-metadata.json
2023-01-03 16:29:31,735 INFO    Thread-17 :21984 [dir_watcher.py:_on_file_modified():292] file/dir modified: C:\Users\jandr\Documents\Terran\Master thesis\EigenDRL\wandb\run-20230103_162927-3eg2oh8p\files\output.log
2023-01-03 16:29:33,748 INFO    Thread-17 :21984 [dir_watcher.py:_on_file_modified():292] file/dir modified: C:\Users\jandr\Documents\Terran\Master thesis\EigenDRL\wandb\run-20230103_162927-3eg2oh8p\files\output.log
2023-01-03 16:29:35,761 INFO    Thread-17 :21984 [dir_watcher.py:_on_file_modified():292] file/dir modified: C:\Users\jandr\Documents\Terran\Master thesis\EigenDRL\wandb\run-20230103_162927-3eg2oh8p\files\output.log
2023-01-03 16:29:37,768 INFO    Thread-17 :21984 [dir_watcher.py:_on_file_modified():292] file/dir modified: C:\Users\jandr\Documents\Terran\Master thesis\EigenDRL\wandb\run-20230103_162927-3eg2oh8p\files\output.log
2023-01-03 16:29:39,811 INFO    Thread-17 :21984 [dir_watcher.py:_on_file_modified():292] file/dir modified: C:\Users\jandr\Documents\Terran\Master thesis\EigenDRL\wandb\run-20230103_162927-3eg2oh8p\files\output.log
2023-01-03 16:29:41,817 INFO    Thread-17 :21984 [dir_watcher.py:_on_file_modified():292] file/dir modified: C:\Users\jandr\Documents\Terran\Master thesis\EigenDRL\wandb\run-20230103_162927-3eg2oh8p\files\output.log
2023-01-03 16:29:43,828 INFO    Thread-17 :21984 [dir_watcher.py:_on_file_modified():292] file/dir modified: C:\Users\jandr\Documents\Terran\Master thesis\EigenDRL\wandb\run-20230103_162927-3eg2oh8p\files\output.log
2023-01-03 16:29:44,089 DEBUG   HandlerThread:21984 [handler.py:handle_request():139] handle_request: stop_status
2023-01-03 16:29:44,090 DEBUG   SenderThread:21984 [sender.py:send_request():317] send_request: stop_status
2023-01-03 16:29:45,836 INFO    Thread-17 :21984 [dir_watcher.py:_on_file_modified():292] file/dir modified: C:\Users\jandr\Documents\Terran\Master thesis\EigenDRL\wandb\run-20230103_162927-3eg2oh8p\files\output.log
2023-01-03 16:29:47,849 INFO    Thread-17 :21984 [dir_watcher.py:_on_file_modified():292] file/dir modified: C:\Users\jandr\Documents\Terran\Master thesis\EigenDRL\wandb\run-20230103_162927-3eg2oh8p\files\output.log
2023-01-03 16:29:49,861 INFO    Thread-17 :21984 [dir_watcher.py:_on_file_modified():292] file/dir modified: C:\Users\jandr\Documents\Terran\Master thesis\EigenDRL\wandb\run-20230103_162927-3eg2oh8p\files\output.log
2023-01-03 16:29:51,873 INFO    Thread-17 :21984 [dir_watcher.py:_on_file_modified():292] file/dir modified: C:\Users\jandr\Documents\Terran\Master thesis\EigenDRL\wandb\run-20230103_162927-3eg2oh8p\files\output.log
2023-01-03 16:29:53,883 INFO    Thread-17 :21984 [dir_watcher.py:_on_file_modified():292] file/dir modified: C:\Users\jandr\Documents\Terran\Master thesis\EigenDRL\wandb\run-20230103_162927-3eg2oh8p\files\output.log
2023-01-03 16:29:55,907 INFO    Thread-17 :21984 [dir_watcher.py:_on_file_modified():292] file/dir modified: C:\Users\jandr\Documents\Terran\Master thesis\EigenDRL\wandb\run-20230103_162927-3eg2oh8p\files\output.log
2023-01-03 16:29:57,919 INFO    Thread-17 :21984 [dir_watcher.py:_on_file_modified():292] file/dir modified: C:\Users\jandr\Documents\Terran\Master thesis\EigenDRL\wandb\run-20230103_162927-3eg2oh8p\files\output.log
2023-01-03 16:29:57,920 INFO    Thread-17 :21984 [dir_watcher.py:_on_file_modified():292] file/dir modified: C:\Users\jandr\Documents\Terran\Master thesis\EigenDRL\wandb\run-20230103_162927-3eg2oh8p\files\config.yaml
2023-01-03 16:29:59,328 DEBUG   HandlerThread:21984 [handler.py:handle_request():139] handle_request: stop_status
2023-01-03 16:29:59,329 DEBUG   SenderThread:21984 [sender.py:send_request():317] send_request: stop_status
2023-01-03 16:29:59,948 INFO    Thread-17 :21984 [dir_watcher.py:_on_file_modified():292] file/dir modified: C:\Users\jandr\Documents\Terran\Master thesis\EigenDRL\wandb\run-20230103_162927-3eg2oh8p\files\output.log
2023-01-03 16:30:01,976 INFO    Thread-17 :21984 [dir_watcher.py:_on_file_modified():292] file/dir modified: C:\Users\jandr\Documents\Terran\Master thesis\EigenDRL\wandb\run-20230103_162927-3eg2oh8p\files\output.log
2023-01-03 16:30:04,005 INFO    Thread-17 :21984 [dir_watcher.py:_on_file_modified():292] file/dir modified: C:\Users\jandr\Documents\Terran\Master thesis\EigenDRL\wandb\run-20230103_162927-3eg2oh8p\files\output.log
2023-01-03 16:30:06,031 INFO    Thread-17 :21984 [dir_watcher.py:_on_file_modified():292] file/dir modified: C:\Users\jandr\Documents\Terran\Master thesis\EigenDRL\wandb\run-20230103_162927-3eg2oh8p\files\output.log
2023-01-03 16:30:08,057 INFO    Thread-17 :21984 [dir_watcher.py:_on_file_modified():292] file/dir modified: C:\Users\jandr\Documents\Terran\Master thesis\EigenDRL\wandb\run-20230103_162927-3eg2oh8p\files\output.log
2023-01-03 16:30:10,088 INFO    Thread-17 :21984 [dir_watcher.py:_on_file_modified():292] file/dir modified: C:\Users\jandr\Documents\Terran\Master thesis\EigenDRL\wandb\run-20230103_162927-3eg2oh8p\files\output.log
2023-01-03 16:30:12,100 INFO    Thread-17 :21984 [dir_watcher.py:_on_file_modified():292] file/dir modified: C:\Users\jandr\Documents\Terran\Master thesis\EigenDRL\wandb\run-20230103_162927-3eg2oh8p\files\output.log
2023-01-03 16:30:14,142 INFO    Thread-17 :21984 [dir_watcher.py:_on_file_modified():292] file/dir modified: C:\Users\jandr\Documents\Terran\Master thesis\EigenDRL\wandb\run-20230103_162927-3eg2oh8p\files\output.log
2023-01-03 16:30:14,589 DEBUG   HandlerThread:21984 [handler.py:handle_request():139] handle_request: stop_status
2023-01-03 16:30:14,590 DEBUG   SenderThread:21984 [sender.py:send_request():317] send_request: stop_status
2023-01-03 16:30:16,180 INFO    Thread-17 :21984 [dir_watcher.py:_on_file_modified():292] file/dir modified: C:\Users\jandr\Documents\Terran\Master thesis\EigenDRL\wandb\run-20230103_162927-3eg2oh8p\files\output.log
2023-01-03 16:30:18,194 INFO    Thread-17 :21984 [dir_watcher.py:_on_file_modified():292] file/dir modified: C:\Users\jandr\Documents\Terran\Master thesis\EigenDRL\wandb\run-20230103_162927-3eg2oh8p\files\output.log
2023-01-03 16:30:20,222 INFO    Thread-17 :21984 [dir_watcher.py:_on_file_modified():292] file/dir modified: C:\Users\jandr\Documents\Terran\Master thesis\EigenDRL\wandb\run-20230103_162927-3eg2oh8p\files\output.log
2023-01-03 16:30:22,262 INFO    Thread-17 :21984 [dir_watcher.py:_on_file_modified():292] file/dir modified: C:\Users\jandr\Documents\Terran\Master thesis\EigenDRL\wandb\run-20230103_162927-3eg2oh8p\files\output.log
2023-01-03 16:30:24,275 INFO    Thread-17 :21984 [dir_watcher.py:_on_file_modified():292] file/dir modified: C:\Users\jandr\Documents\Terran\Master thesis\EigenDRL\wandb\run-20230103_162927-3eg2oh8p\files\output.log
2023-01-03 16:30:26,303 INFO    Thread-17 :21984 [dir_watcher.py:_on_file_modified():292] file/dir modified: C:\Users\jandr\Documents\Terran\Master thesis\EigenDRL\wandb\run-20230103_162927-3eg2oh8p\files\output.log
2023-01-03 16:30:28,330 INFO    Thread-17 :21984 [dir_watcher.py:_on_file_modified():292] file/dir modified: C:\Users\jandr\Documents\Terran\Master thesis\EigenDRL\wandb\run-20230103_162927-3eg2oh8p\files\output.log
2023-01-03 16:30:28,483 DEBUG   SystemMonitor:21984 [system_monitor.py:_start():130] Starting system metrics aggregation loop
2023-01-03 16:30:28,484 DEBUG   SenderThread:21984 [sender.py:send():303] send: stats
2023-01-03 16:30:29,845 DEBUG   HandlerThread:21984 [handler.py:handle_request():139] handle_request: stop_status
2023-01-03 16:30:29,846 DEBUG   SenderThread:21984 [sender.py:send_request():317] send_request: stop_status
2023-01-03 16:30:30,357 INFO    Thread-17 :21984 [dir_watcher.py:_on_file_modified():292] file/dir modified: C:\Users\jandr\Documents\Terran\Master thesis\EigenDRL\wandb\run-20230103_162927-3eg2oh8p\files\output.log
2023-01-03 16:30:32,382 INFO    Thread-17 :21984 [dir_watcher.py:_on_file_modified():292] file/dir modified: C:\Users\jandr\Documents\Terran\Master thesis\EigenDRL\wandb\run-20230103_162927-3eg2oh8p\files\output.log
2023-01-03 16:30:33,406 INFO    Thread-17 :21984 [dir_watcher.py:_on_file_created():275] file/dir created: C:\Users\jandr\Documents\Terran\Master thesis\EigenDRL\wandb\run-20230103_162927-3eg2oh8p\files\conda-environment.yaml
2023-01-03 16:30:34,410 INFO    Thread-17 :21984 [dir_watcher.py:_on_file_modified():292] file/dir modified: C:\Users\jandr\Documents\Terran\Master thesis\EigenDRL\wandb\run-20230103_162927-3eg2oh8p\files\output.log
2023-01-03 16:30:36,437 INFO    Thread-17 :21984 [dir_watcher.py:_on_file_modified():292] file/dir modified: C:\Users\jandr\Documents\Terran\Master thesis\EigenDRL\wandb\run-20230103_162927-3eg2oh8p\files\output.log
2023-01-03 16:30:37,461 INFO    Thread-17 :21984 [dir_watcher.py:_on_file_modified():292] file/dir modified: C:\Users\jandr\Documents\Terran\Master thesis\EigenDRL\wandb\run-20230103_162927-3eg2oh8p\files\output.log
2023-01-03 16:30:39,493 INFO    Thread-17 :21984 [dir_watcher.py:_on_file_modified():292] file/dir modified: C:\Users\jandr\Documents\Terran\Master thesis\EigenDRL\wandb\run-20230103_162927-3eg2oh8p\files\output.log
2023-01-03 16:30:40,505 INFO    Thread-17 :21984 [dir_watcher.py:_on_file_created():275] file/dir created: C:\Users\jandr\Documents\Terran\Master thesis\EigenDRL\wandb\run-20230103_162927-3eg2oh8p\files\conda-environment.yaml
2023-01-03 16:30:41,511 INFO    Thread-17 :21984 [dir_watcher.py:_on_file_modified():292] file/dir modified: C:\Users\jandr\Documents\Terran\Master thesis\EigenDRL\wandb\run-20230103_162927-3eg2oh8p\files\output.log
2023-01-03 16:30:43,543 INFO    Thread-17 :21984 [dir_watcher.py:_on_file_modified():292] file/dir modified: C:\Users\jandr\Documents\Terran\Master thesis\EigenDRL\wandb\run-20230103_162927-3eg2oh8p\files\output.log
2023-01-03 16:30:45,112 DEBUG   HandlerThread:21984 [handler.py:handle_request():139] handle_request: stop_status
2023-01-03 16:30:45,113 DEBUG   SenderThread:21984 [sender.py:send_request():317] send_request: stop_status
2023-01-03 16:30:45,562 INFO    Thread-17 :21984 [dir_watcher.py:_on_file_modified():292] file/dir modified: C:\Users\jandr\Documents\Terran\Master thesis\EigenDRL\wandb\run-20230103_162927-3eg2oh8p\files\output.log
2023-01-03 16:30:47,590 INFO    Thread-17 :21984 [dir_watcher.py:_on_file_modified():292] file/dir modified: C:\Users\jandr\Documents\Terran\Master thesis\EigenDRL\wandb\run-20230103_162927-3eg2oh8p\files\output.log
2023-01-03 16:30:49,617 INFO    Thread-17 :21984 [dir_watcher.py:_on_file_modified():292] file/dir modified: C:\Users\jandr\Documents\Terran\Master thesis\EigenDRL\wandb\run-20230103_162927-3eg2oh8p\files\output.log
2023-01-03 16:30:51,646 INFO    Thread-17 :21984 [dir_watcher.py:_on_file_modified():292] file/dir modified: C:\Users\jandr\Documents\Terran\Master thesis\EigenDRL\wandb\run-20230103_162927-3eg2oh8p\files\output.log
2023-01-03 16:30:53,666 INFO    Thread-17 :21984 [dir_watcher.py:_on_file_modified():292] file/dir modified: C:\Users\jandr\Documents\Terran\Master thesis\EigenDRL\wandb\run-20230103_162927-3eg2oh8p\files\output.log
2023-01-03 16:30:55,684 INFO    Thread-17 :21984 [dir_watcher.py:_on_file_modified():292] file/dir modified: C:\Users\jandr\Documents\Terran\Master thesis\EigenDRL\wandb\run-20230103_162927-3eg2oh8p\files\output.log
2023-01-03 16:30:57,711 INFO    Thread-17 :21984 [dir_watcher.py:_on_file_modified():292] file/dir modified: C:\Users\jandr\Documents\Terran\Master thesis\EigenDRL\wandb\run-20230103_162927-3eg2oh8p\files\output.log
2023-01-03 16:30:58,486 DEBUG   SenderThread:21984 [sender.py:send():303] send: stats
2023-01-03 16:30:59,742 INFO    Thread-17 :21984 [dir_watcher.py:_on_file_modified():292] file/dir modified: C:\Users\jandr\Documents\Terran\Master thesis\EigenDRL\wandb\run-20230103_162927-3eg2oh8p\files\output.log
2023-01-03 16:31:00,409 DEBUG   HandlerThread:21984 [handler.py:handle_request():139] handle_request: stop_status
2023-01-03 16:31:00,409 DEBUG   SenderThread:21984 [sender.py:send_request():317] send_request: stop_status
2023-01-03 16:31:01,772 INFO    Thread-17 :21984 [dir_watcher.py:_on_file_modified():292] file/dir modified: C:\Users\jandr\Documents\Terran\Master thesis\EigenDRL\wandb\run-20230103_162927-3eg2oh8p\files\output.log
2023-01-03 16:31:03,800 INFO    Thread-17 :21984 [dir_watcher.py:_on_file_modified():292] file/dir modified: C:\Users\jandr\Documents\Terran\Master thesis\EigenDRL\wandb\run-20230103_162927-3eg2oh8p\files\output.log
2023-01-03 16:31:05,832 INFO    Thread-17 :21984 [dir_watcher.py:_on_file_modified():292] file/dir modified: C:\Users\jandr\Documents\Terran\Master thesis\EigenDRL\wandb\run-20230103_162927-3eg2oh8p\files\output.log
2023-01-03 16:31:07,863 INFO    Thread-17 :21984 [dir_watcher.py:_on_file_modified():292] file/dir modified: C:\Users\jandr\Documents\Terran\Master thesis\EigenDRL\wandb\run-20230103_162927-3eg2oh8p\files\output.log
2023-01-03 16:31:09,884 INFO    Thread-17 :21984 [dir_watcher.py:_on_file_modified():292] file/dir modified: C:\Users\jandr\Documents\Terran\Master thesis\EigenDRL\wandb\run-20230103_162927-3eg2oh8p\files\output.log
2023-01-03 16:31:11,909 INFO    Thread-17 :21984 [dir_watcher.py:_on_file_modified():292] file/dir modified: C:\Users\jandr\Documents\Terran\Master thesis\EigenDRL\wandb\run-20230103_162927-3eg2oh8p\files\output.log
2023-01-03 16:31:13,935 INFO    Thread-17 :21984 [dir_watcher.py:_on_file_modified():292] file/dir modified: C:\Users\jandr\Documents\Terran\Master thesis\EigenDRL\wandb\run-20230103_162927-3eg2oh8p\files\output.log
2023-01-03 16:31:15,647 DEBUG   HandlerThread:21984 [handler.py:handle_request():139] handle_request: stop_status
2023-01-03 16:31:15,648 DEBUG   SenderThread:21984 [sender.py:send_request():317] send_request: stop_status
2023-01-03 16:31:15,973 INFO    Thread-17 :21984 [dir_watcher.py:_on_file_modified():292] file/dir modified: C:\Users\jandr\Documents\Terran\Master thesis\EigenDRL\wandb\run-20230103_162927-3eg2oh8p\files\output.log
2023-01-03 16:31:18,003 INFO    Thread-17 :21984 [dir_watcher.py:_on_file_modified():292] file/dir modified: C:\Users\jandr\Documents\Terran\Master thesis\EigenDRL\wandb\run-20230103_162927-3eg2oh8p\files\output.log
2023-01-03 16:31:20,029 INFO    Thread-17 :21984 [dir_watcher.py:_on_file_modified():292] file/dir modified: C:\Users\jandr\Documents\Terran\Master thesis\EigenDRL\wandb\run-20230103_162927-3eg2oh8p\files\output.log
2023-01-03 16:31:22,051 INFO    Thread-17 :21984 [dir_watcher.py:_on_file_modified():292] file/dir modified: C:\Users\jandr\Documents\Terran\Master thesis\EigenDRL\wandb\run-20230103_162927-3eg2oh8p\files\output.log
2023-01-03 16:31:24,072 INFO    Thread-17 :21984 [dir_watcher.py:_on_file_modified():292] file/dir modified: C:\Users\jandr\Documents\Terran\Master thesis\EigenDRL\wandb\run-20230103_162927-3eg2oh8p\files\output.log
2023-01-03 16:31:26,101 INFO    Thread-17 :21984 [dir_watcher.py:_on_file_modified():292] file/dir modified: C:\Users\jandr\Documents\Terran\Master thesis\EigenDRL\wandb\run-20230103_162927-3eg2oh8p\files\output.log
2023-01-03 16:31:28,134 INFO    Thread-17 :21984 [dir_watcher.py:_on_file_modified():292] file/dir modified: C:\Users\jandr\Documents\Terran\Master thesis\EigenDRL\wandb\run-20230103_162927-3eg2oh8p\files\output.log
2023-01-03 16:31:28,501 DEBUG   SenderThread:21984 [sender.py:send():303] send: stats
2023-01-03 16:31:30,160 INFO    Thread-17 :21984 [dir_watcher.py:_on_file_modified():292] file/dir modified: C:\Users\jandr\Documents\Terran\Master thesis\EigenDRL\wandb\run-20230103_162927-3eg2oh8p\files\output.log
2023-01-03 16:31:30,913 DEBUG   HandlerThread:21984 [handler.py:handle_request():139] handle_request: stop_status
2023-01-03 16:31:30,913 DEBUG   SenderThread:21984 [sender.py:send_request():317] send_request: stop_status
2023-01-03 16:31:32,185 INFO    Thread-17 :21984 [dir_watcher.py:_on_file_modified():292] file/dir modified: C:\Users\jandr\Documents\Terran\Master thesis\EigenDRL\wandb\run-20230103_162927-3eg2oh8p\files\output.log
2023-01-03 16:31:50,933 DEBUG   HandlerThread:21984 [handler.py:handle_request():139] handle_request: stop_status
2023-01-03 16:31:56,720 ERROR   SenderThread:21984 [retry.py:__call__():154] Retry attempt failed:
Traceback (most recent call last):
  File "C:\Users\jandr\anaconda3\envs\dlr\lib\site-packages\urllib3\connection.py", line 175, in _new_conn
    (self._dns_host, self.port), self.timeout, **extra_kw
  File "C:\Users\jandr\anaconda3\envs\dlr\lib\site-packages\urllib3\util\connection.py", line 72, in create_connection
    for res in socket.getaddrinfo(host, port, family, socket.SOCK_STREAM):
  File "C:\Users\jandr\anaconda3\envs\dlr\lib\socket.py", line 752, in getaddrinfo
    for res in _socket.getaddrinfo(host, port, family, type, proto, flags):
socket.gaierror: [Errno 11001] getaddrinfo failed

During handling of the above exception, another exception occurred:

Traceback (most recent call last):
  File "C:\Users\jandr\anaconda3\envs\dlr\lib\site-packages\urllib3\connectionpool.py", line 710, in urlopen
    chunked=chunked,
  File "C:\Users\jandr\anaconda3\envs\dlr\lib\site-packages\urllib3\connectionpool.py", line 386, in _make_request
    self._validate_conn(conn)
  File "C:\Users\jandr\anaconda3\envs\dlr\lib\site-packages\urllib3\connectionpool.py", line 1042, in _validate_conn
    conn.connect()
  File "C:\Users\jandr\anaconda3\envs\dlr\lib\site-packages\urllib3\connection.py", line 358, in connect
    self.sock = conn = self._new_conn()
  File "C:\Users\jandr\anaconda3\envs\dlr\lib\site-packages\urllib3\connection.py", line 187, in _new_conn
    self, "Failed to establish a new connection: %s" % e
urllib3.exceptions.NewConnectionError: <urllib3.connection.HTTPSConnection object at 0x0000017C30BAD648>: Failed to establish a new connection: [Errno 11001] getaddrinfo failed

During handling of the above exception, another exception occurred:

Traceback (most recent call last):
  File "C:\Users\jandr\anaconda3\envs\dlr\lib\site-packages\requests\adapters.py", line 499, in send
    timeout=timeout,
  File "C:\Users\jandr\anaconda3\envs\dlr\lib\site-packages\urllib3\connectionpool.py", line 788, in urlopen
    method, url, error=e, _pool=self, _stacktrace=sys.exc_info()[2]
  File "C:\Users\jandr\anaconda3\envs\dlr\lib\site-packages\urllib3\util\retry.py", line 592, in increment
    raise MaxRetryError(_pool, url, error or ResponseError(cause))
urllib3.exceptions.MaxRetryError: HTTPSConnectionPool(host='api.wandb.ai', port=443): Max retries exceeded with url: /graphql (Caused by NewConnectionError('<urllib3.connection.HTTPSConnection object at 0x0000017C30BAD648>: Failed to establish a new connection: [Errno 11001] getaddrinfo failed'))

During handling of the above exception, another exception occurred:

Traceback (most recent call last):
  File "C:\Users\jandr\anaconda3\envs\dlr\lib\site-packages\wandb\sdk\lib\retry.py", line 113, in __call__
    result = self._call_fn(*args, **kwargs)
  File "C:\Users\jandr\anaconda3\envs\dlr\lib\site-packages\wandb\sdk\internal\internal_api.py", line 209, in execute
    return self.client.execute(*args, **kwargs)  # type: ignore
  File "C:\Users\jandr\anaconda3\envs\dlr\lib\site-packages\wandb\vendor\gql-0.2.0\wandb_gql\client.py", line 52, in execute
    result = self._get_result(document, *args, **kwargs)
  File "C:\Users\jandr\anaconda3\envs\dlr\lib\site-packages\wandb\vendor\gql-0.2.0\wandb_gql\client.py", line 60, in _get_result
    return self.transport.execute(document, *args, **kwargs)
  File "C:\Users\jandr\anaconda3\envs\dlr\lib\site-packages\wandb\vendor\gql-0.2.0\wandb_gql\transport\requests.py", line 38, in execute
    request = requests.post(self.url, **post_args)
  File "C:\Users\jandr\anaconda3\envs\dlr\lib\site-packages\requests\api.py", line 115, in post
    return request("post", url, data=data, json=json, **kwargs)
  File "C:\Users\jandr\anaconda3\envs\dlr\lib\site-packages\requests\api.py", line 59, in request
    return session.request(method=method, url=url, **kwargs)
  File "C:\Users\jandr\anaconda3\envs\dlr\lib\site-packages\requests\sessions.py", line 587, in request
    resp = self.send(prep, **send_kwargs)
  File "C:\Users\jandr\anaconda3\envs\dlr\lib\site-packages\requests\sessions.py", line 701, in send
    r = adapter.send(request, **kwargs)
  File "C:\Users\jandr\anaconda3\envs\dlr\lib\site-packages\requests\adapters.py", line 565, in send
    raise ConnectionError(e, request=request)
requests.exceptions.ConnectionError: HTTPSConnectionPool(host='api.wandb.ai', port=443): Max retries exceeded with url: /graphql (Caused by NewConnectionError('<urllib3.connection.HTTPSConnection object at 0x0000017C30BAD648>: Failed to establish a new connection: [Errno 11001] getaddrinfo failed'))
2023-01-03 16:32:10,946 DEBUG   HandlerThread:21984 [handler.py:handle_request():139] handle_request: stop_status
2023-01-03 16:32:13,364 DEBUG   SenderThread:21984 [sender.py:send_request():317] send_request: stop_status
2023-01-03 16:32:13,635 DEBUG   SenderThread:21984 [sender.py:send():303] send: stats
2023-01-03 16:32:13,639 DEBUG   SenderThread:21984 [sender.py:send_request():317] send_request: stop_status
2023-01-03 16:32:14,784 INFO    Thread-17 :21984 [dir_watcher.py:_on_file_modified():292] file/dir modified: C:\Users\jandr\Documents\Terran\Master thesis\EigenDRL\wandb\run-20230103_162927-3eg2oh8p\files\output.log
2023-01-03 16:32:16,806 INFO    Thread-17 :21984 [dir_watcher.py:_on_file_modified():292] file/dir modified: C:\Users\jandr\Documents\Terran\Master thesis\EigenDRL\wandb\run-20230103_162927-3eg2oh8p\files\output.log
2023-01-03 16:32:18,835 INFO    Thread-17 :21984 [dir_watcher.py:_on_file_modified():292] file/dir modified: C:\Users\jandr\Documents\Terran\Master thesis\EigenDRL\wandb\run-20230103_162927-3eg2oh8p\files\output.log
2023-01-03 16:32:20,867 INFO    Thread-17 :21984 [dir_watcher.py:_on_file_modified():292] file/dir modified: C:\Users\jandr\Documents\Terran\Master thesis\EigenDRL\wandb\run-20230103_162927-3eg2oh8p\files\output.log
2023-01-03 16:32:22,898 INFO    Thread-17 :21984 [dir_watcher.py:_on_file_modified():292] file/dir modified: C:\Users\jandr\Documents\Terran\Master thesis\EigenDRL\wandb\run-20230103_162927-3eg2oh8p\files\output.log
2023-01-03 16:32:24,921 INFO    Thread-17 :21984 [dir_watcher.py:_on_file_modified():292] file/dir modified: C:\Users\jandr\Documents\Terran\Master thesis\EigenDRL\wandb\run-20230103_162927-3eg2oh8p\files\output.log
2023-01-03 16:32:26,946 INFO    Thread-17 :21984 [dir_watcher.py:_on_file_modified():292] file/dir modified: C:\Users\jandr\Documents\Terran\Master thesis\EigenDRL\wandb\run-20230103_162927-3eg2oh8p\files\output.log
2023-01-03 16:32:28,538 DEBUG   SenderThread:21984 [sender.py:send():303] send: stats
2023-01-03 16:32:28,975 INFO    Thread-17 :21984 [dir_watcher.py:_on_file_modified():292] file/dir modified: C:\Users\jandr\Documents\Terran\Master thesis\EigenDRL\wandb\run-20230103_162927-3eg2oh8p\files\output.log
2023-01-03 16:32:29,238 DEBUG   HandlerThread:21984 [handler.py:handle_request():139] handle_request: stop_status
2023-01-03 16:32:29,238 DEBUG   SenderThread:21984 [sender.py:send_request():317] send_request: stop_status
2023-01-03 16:32:30,995 INFO    Thread-17 :21984 [dir_watcher.py:_on_file_modified():292] file/dir modified: C:\Users\jandr\Documents\Terran\Master thesis\EigenDRL\wandb\run-20230103_162927-3eg2oh8p\files\output.log
2023-01-03 16:32:33,036 INFO    Thread-17 :21984 [dir_watcher.py:_on_file_modified():292] file/dir modified: C:\Users\jandr\Documents\Terran\Master thesis\EigenDRL\wandb\run-20230103_162927-3eg2oh8p\files\output.log
2023-01-03 16:32:35,070 INFO    Thread-17 :21984 [dir_watcher.py:_on_file_modified():292] file/dir modified: C:\Users\jandr\Documents\Terran\Master thesis\EigenDRL\wandb\run-20230103_162927-3eg2oh8p\files\output.log
2023-01-03 16:32:37,100 INFO    Thread-17 :21984 [dir_watcher.py:_on_file_modified():292] file/dir modified: C:\Users\jandr\Documents\Terran\Master thesis\EigenDRL\wandb\run-20230103_162927-3eg2oh8p\files\output.log
2023-01-03 16:32:39,125 INFO    Thread-17 :21984 [dir_watcher.py:_on_file_modified():292] file/dir modified: C:\Users\jandr\Documents\Terran\Master thesis\EigenDRL\wandb\run-20230103_162927-3eg2oh8p\files\output.log
2023-01-03 16:32:41,149 INFO    Thread-17 :21984 [dir_watcher.py:_on_file_modified():292] file/dir modified: C:\Users\jandr\Documents\Terran\Master thesis\EigenDRL\wandb\run-20230103_162927-3eg2oh8p\files\output.log
2023-01-03 16:32:43,177 INFO    Thread-17 :21984 [dir_watcher.py:_on_file_modified():292] file/dir modified: C:\Users\jandr\Documents\Terran\Master thesis\EigenDRL\wandb\run-20230103_162927-3eg2oh8p\files\output.log
2023-01-03 16:32:44,506 DEBUG   HandlerThread:21984 [handler.py:handle_request():139] handle_request: stop_status
2023-01-03 16:32:44,507 DEBUG   SenderThread:21984 [sender.py:send_request():317] send_request: stop_status
2023-01-03 16:32:45,200 INFO    Thread-17 :21984 [dir_watcher.py:_on_file_modified():292] file/dir modified: C:\Users\jandr\Documents\Terran\Master thesis\EigenDRL\wandb\run-20230103_162927-3eg2oh8p\files\output.log
2023-01-03 16:32:47,221 INFO    Thread-17 :21984 [dir_watcher.py:_on_file_modified():292] file/dir modified: C:\Users\jandr\Documents\Terran\Master thesis\EigenDRL\wandb\run-20230103_162927-3eg2oh8p\files\output.log
2023-01-03 16:32:49,250 INFO    Thread-17 :21984 [dir_watcher.py:_on_file_modified():292] file/dir modified: C:\Users\jandr\Documents\Terran\Master thesis\EigenDRL\wandb\run-20230103_162927-3eg2oh8p\files\output.log
2023-01-03 16:32:51,281 INFO    Thread-17 :21984 [dir_watcher.py:_on_file_modified():292] file/dir modified: C:\Users\jandr\Documents\Terran\Master thesis\EigenDRL\wandb\run-20230103_162927-3eg2oh8p\files\output.log
2023-01-03 16:32:53,307 INFO    Thread-17 :21984 [dir_watcher.py:_on_file_modified():292] file/dir modified: C:\Users\jandr\Documents\Terran\Master thesis\EigenDRL\wandb\run-20230103_162927-3eg2oh8p\files\output.log
2023-01-03 16:32:55,339 INFO    Thread-17 :21984 [dir_watcher.py:_on_file_modified():292] file/dir modified: C:\Users\jandr\Documents\Terran\Master thesis\EigenDRL\wandb\run-20230103_162927-3eg2oh8p\files\output.log
2023-01-03 16:32:57,380 INFO    Thread-17 :21984 [dir_watcher.py:_on_file_modified():292] file/dir modified: C:\Users\jandr\Documents\Terran\Master thesis\EigenDRL\wandb\run-20230103_162927-3eg2oh8p\files\output.log
2023-01-03 16:32:58,550 DEBUG   SenderThread:21984 [sender.py:send():303] send: stats
2023-01-03 16:32:59,420 INFO    Thread-17 :21984 [dir_watcher.py:_on_file_modified():292] file/dir modified: C:\Users\jandr\Documents\Terran\Master thesis\EigenDRL\wandb\run-20230103_162927-3eg2oh8p\files\output.log
2023-01-03 16:32:59,816 DEBUG   HandlerThread:21984 [handler.py:handle_request():139] handle_request: stop_status
2023-01-03 16:32:59,817 DEBUG   SenderThread:21984 [sender.py:send_request():317] send_request: stop_status
2023-01-03 16:33:01,460 INFO    Thread-17 :21984 [dir_watcher.py:_on_file_modified():292] file/dir modified: C:\Users\jandr\Documents\Terran\Master thesis\EigenDRL\wandb\run-20230103_162927-3eg2oh8p\files\output.log
2023-01-03 16:33:03,498 INFO    Thread-17 :21984 [dir_watcher.py:_on_file_modified():292] file/dir modified: C:\Users\jandr\Documents\Terran\Master thesis\EigenDRL\wandb\run-20230103_162927-3eg2oh8p\files\output.log
2023-01-03 16:33:05,509 INFO    Thread-17 :21984 [dir_watcher.py:_on_file_modified():292] file/dir modified: C:\Users\jandr\Documents\Terran\Master thesis\EigenDRL\wandb\run-20230103_162927-3eg2oh8p\files\output.log
2023-01-03 16:33:07,522 INFO    Thread-17 :21984 [dir_watcher.py:_on_file_modified():292] file/dir modified: C:\Users\jandr\Documents\Terran\Master thesis\EigenDRL\wandb\run-20230103_162927-3eg2oh8p\files\output.log
2023-01-03 16:33:09,539 INFO    Thread-17 :21984 [dir_watcher.py:_on_file_modified():292] file/dir modified: C:\Users\jandr\Documents\Terran\Master thesis\EigenDRL\wandb\run-20230103_162927-3eg2oh8p\files\output.log
2023-01-03 16:33:11,565 INFO    Thread-17 :21984 [dir_watcher.py:_on_file_modified():292] file/dir modified: C:\Users\jandr\Documents\Terran\Master thesis\EigenDRL\wandb\run-20230103_162927-3eg2oh8p\files\output.log
2023-01-03 16:33:13,590 INFO    Thread-17 :21984 [dir_watcher.py:_on_file_modified():292] file/dir modified: C:\Users\jandr\Documents\Terran\Master thesis\EigenDRL\wandb\run-20230103_162927-3eg2oh8p\files\output.log
2023-01-03 16:33:15,123 DEBUG   HandlerThread:21984 [handler.py:handle_request():139] handle_request: stop_status
2023-01-03 16:33:15,124 DEBUG   SenderThread:21984 [sender.py:send_request():317] send_request: stop_status
2023-01-03 16:33:15,623 INFO    Thread-17 :21984 [dir_watcher.py:_on_file_modified():292] file/dir modified: C:\Users\jandr\Documents\Terran\Master thesis\EigenDRL\wandb\run-20230103_162927-3eg2oh8p\files\output.log
2023-01-03 16:33:17,651 INFO    Thread-17 :21984 [dir_watcher.py:_on_file_modified():292] file/dir modified: C:\Users\jandr\Documents\Terran\Master thesis\EigenDRL\wandb\run-20230103_162927-3eg2oh8p\files\output.log
2023-01-03 16:33:19,681 INFO    Thread-17 :21984 [dir_watcher.py:_on_file_modified():292] file/dir modified: C:\Users\jandr\Documents\Terran\Master thesis\EigenDRL\wandb\run-20230103_162927-3eg2oh8p\files\output.log
2023-01-03 16:33:21,710 INFO    Thread-17 :21984 [dir_watcher.py:_on_file_modified():292] file/dir modified: C:\Users\jandr\Documents\Terran\Master thesis\EigenDRL\wandb\run-20230103_162927-3eg2oh8p\files\output.log
2023-01-03 16:33:23,734 INFO    Thread-17 :21984 [dir_watcher.py:_on_file_modified():292] file/dir modified: C:\Users\jandr\Documents\Terran\Master thesis\EigenDRL\wandb\run-20230103_162927-3eg2oh8p\files\output.log
2023-01-03 16:33:25,758 INFO    Thread-17 :21984 [dir_watcher.py:_on_file_modified():292] file/dir modified: C:\Users\jandr\Documents\Terran\Master thesis\EigenDRL\wandb\run-20230103_162927-3eg2oh8p\files\output.log
2023-01-03 16:33:26,768 INFO    Thread-17 :21984 [dir_watcher.py:_on_file_modified():292] file/dir modified: C:\Users\jandr\Documents\Terran\Master thesis\EigenDRL\wandb\run-20230103_162927-3eg2oh8p\files\output.log
2023-01-03 16:33:28,564 DEBUG   SenderThread:21984 [sender.py:send():303] send: stats
2023-01-03 16:33:28,782 INFO    Thread-17 :21984 [dir_watcher.py:_on_file_modified():292] file/dir modified: C:\Users\jandr\Documents\Terran\Master thesis\EigenDRL\wandb\run-20230103_162927-3eg2oh8p\files\output.log
2023-01-03 16:33:30,391 DEBUG   HandlerThread:21984 [handler.py:handle_request():139] handle_request: stop_status
2023-01-03 16:33:30,391 DEBUG   SenderThread:21984 [sender.py:send_request():317] send_request: stop_status
2023-01-03 16:33:30,825 INFO    Thread-17 :21984 [dir_watcher.py:_on_file_modified():292] file/dir modified: C:\Users\jandr\Documents\Terran\Master thesis\EigenDRL\wandb\run-20230103_162927-3eg2oh8p\files\output.log
2023-01-03 16:33:31,234 DEBUG   SenderThread:21984 [sender.py:send():303] send: exit
2023-01-03 16:33:31,234 INFO    SenderThread:21984 [sender.py:send_exit():442] handling exit code: 0
2023-01-03 16:33:31,234 INFO    SenderThread:21984 [sender.py:send_exit():444] handling runtime: 243
2023-01-03 16:33:31,235 INFO    SenderThread:21984 [sender.py:_save_file():1171] saving file wandb-summary.json with policy end
2023-01-03 16:33:31,236 INFO    SenderThread:21984 [sender.py:send_exit():450] send defer
2023-01-03 16:33:31,236 DEBUG   HandlerThread:21984 [handler.py:handle_request():139] handle_request: defer
2023-01-03 16:33:31,236 INFO    HandlerThread:21984 [handler.py:handle_request_defer():162] handle defer: 0
2023-01-03 16:33:31,236 DEBUG   SenderThread:21984 [sender.py:send_request():317] send_request: defer
2023-01-03 16:33:31,236 INFO    SenderThread:21984 [sender.py:send_request_defer():459] handle sender defer: 0
2023-01-03 16:33:31,236 INFO    SenderThread:21984 [sender.py:transition_state():463] send defer: 1
2023-01-03 16:33:31,237 DEBUG   HandlerThread:21984 [handler.py:handle_request():139] handle_request: defer
2023-01-03 16:33:31,237 INFO    HandlerThread:21984 [handler.py:handle_request_defer():162] handle defer: 1
2023-01-03 16:33:31,237 INFO    HandlerThread:21984 [system_monitor.py:finish():160] Stopping system monitor
2023-01-03 16:33:31,238 DEBUG   SystemMonitor:21984 [system_monitor.py:_start():137] Finished system metrics aggregation loop
2023-01-03 16:33:31,238 INFO    HandlerThread:21984 [interfaces.py:finish():175] Joined cpu
2023-01-03 16:33:31,239 DEBUG   SystemMonitor:21984 [system_monitor.py:_start():141] Publishing last batch of metrics
2023-01-03 16:33:31,239 INFO    HandlerThread:21984 [interfaces.py:finish():175] Joined disk
2023-01-03 16:33:31,783 INFO    HandlerThread:21984 [interfaces.py:finish():175] Joined gpu
2023-01-03 16:33:31,784 INFO    HandlerThread:21984 [interfaces.py:finish():175] Joined memory
2023-01-03 16:33:31,784 INFO    HandlerThread:21984 [interfaces.py:finish():175] Joined network
2023-01-03 16:33:31,784 DEBUG   SenderThread:21984 [sender.py:send_request():317] send_request: defer
2023-01-03 16:33:31,784 INFO    SenderThread:21984 [sender.py:send_request_defer():459] handle sender defer: 1
2023-01-03 16:33:31,784 INFO    SenderThread:21984 [sender.py:transition_state():463] send defer: 2
2023-01-03 16:33:31,784 DEBUG   SenderThread:21984 [sender.py:send():303] send: stats
2023-01-03 16:33:31,785 DEBUG   HandlerThread:21984 [handler.py:handle_request():139] handle_request: defer
2023-01-03 16:33:31,785 INFO    HandlerThread:21984 [handler.py:handle_request_defer():162] handle defer: 2
2023-01-03 16:33:31,785 DEBUG   SenderThread:21984 [sender.py:send_request():317] send_request: defer
2023-01-03 16:33:31,785 INFO    SenderThread:21984 [sender.py:send_request_defer():459] handle sender defer: 2
2023-01-03 16:33:31,785 INFO    SenderThread:21984 [sender.py:transition_state():463] send defer: 3
2023-01-03 16:33:31,785 DEBUG   HandlerThread:21984 [handler.py:handle_request():139] handle_request: defer
2023-01-03 16:33:31,785 INFO    HandlerThread:21984 [handler.py:handle_request_defer():162] handle defer: 3
2023-01-03 16:33:31,830 INFO    Thread-17 :21984 [dir_watcher.py:_on_file_modified():292] file/dir modified: C:\Users\jandr\Documents\Terran\Master thesis\EigenDRL\wandb\run-20230103_162927-3eg2oh8p\files\wandb-summary.json
2023-01-03 16:33:32,833 INFO    Thread-17 :21984 [dir_watcher.py:_on_file_modified():292] file/dir modified: C:\Users\jandr\Documents\Terran\Master thesis\EigenDRL\wandb\run-20230103_162927-3eg2oh8p\files\output.log
2023-01-03 16:33:37,595 DEBUG   SenderThread:21984 [sender.py:send_request():317] send_request: defer
2023-01-03 16:33:37,596 DEBUG   HandlerThread:21984 [handler.py:handle_request():139] handle_request: poll_exit
2023-01-03 16:33:37,596 INFO    SenderThread:21984 [sender.py:send_request_defer():459] handle sender defer: 3
2023-01-03 16:33:37,596 DEBUG   HandlerThread:21984 [handler.py:handle_request():139] handle_request: keepalive
2023-01-03 16:33:37,596 INFO    SenderThread:21984 [sender.py:transition_state():463] send defer: 4
2023-01-03 16:33:37,596 DEBUG   SenderThread:21984 [sender.py:send_request():317] send_request: poll_exit
2023-01-03 16:33:37,597 DEBUG   HandlerThread:21984 [handler.py:handle_request():139] handle_request: defer
2023-01-03 16:33:37,597 INFO    HandlerThread:21984 [handler.py:handle_request_defer():162] handle defer: 4
2023-01-03 16:33:37,597 DEBUG   SenderThread:21984 [sender.py:send():303] send: summary
2023-01-03 16:33:37,598 INFO    SenderThread:21984 [sender.py:_save_file():1171] saving file wandb-summary.json with policy end
2023-01-03 16:33:37,598 DEBUG   SenderThread:21984 [sender.py:send_request():317] send_request: defer
2023-01-03 16:33:37,599 INFO    SenderThread:21984 [sender.py:send_request_defer():459] handle sender defer: 4
2023-01-03 16:33:37,599 INFO    SenderThread:21984 [sender.py:transition_state():463] send defer: 5
2023-01-03 16:33:37,599 DEBUG   HandlerThread:21984 [handler.py:handle_request():139] handle_request: defer
2023-01-03 16:33:37,599 INFO    HandlerThread:21984 [handler.py:handle_request_defer():162] handle defer: 5
2023-01-03 16:33:37,599 DEBUG   SenderThread:21984 [sender.py:send_request():317] send_request: defer
2023-01-03 16:33:37,599 INFO    SenderThread:21984 [sender.py:send_request_defer():459] handle sender defer: 5
2023-01-03 16:33:37,599 INFO    SenderThread:21984 [sender.py:transition_state():463] send defer: 6
2023-01-03 16:33:37,600 DEBUG   HandlerThread:21984 [handler.py:handle_request():139] handle_request: defer
2023-01-03 16:33:37,600 INFO    HandlerThread:21984 [handler.py:handle_request_defer():162] handle defer: 6
2023-01-03 16:33:37,600 DEBUG   SenderThread:21984 [sender.py:send_request():317] send_request: defer
2023-01-03 16:33:37,600 INFO    SenderThread:21984 [sender.py:send_request_defer():459] handle sender defer: 6
2023-01-03 16:33:37,860 INFO    Thread-17 :21984 [dir_watcher.py:_on_file_modified():292] file/dir modified: C:\Users\jandr\Documents\Terran\Master thesis\EigenDRL\wandb\run-20230103_162927-3eg2oh8p\files\wandb-summary.json
2023-01-03 16:33:38,832 INFO    SenderThread:21984 [sender.py:transition_state():463] send defer: 7
2023-01-03 16:33:38,833 DEBUG   HandlerThread:21984 [handler.py:handle_request():139] handle_request: defer
2023-01-03 16:33:38,833 INFO    HandlerThread:21984 [handler.py:handle_request_defer():162] handle defer: 7
2023-01-03 16:33:38,833 DEBUG   SenderThread:21984 [sender.py:send_request():317] send_request: defer
2023-01-03 16:33:38,833 INFO    SenderThread:21984 [sender.py:send_request_defer():459] handle sender defer: 7
2023-01-03 16:33:38,833 INFO    SenderThread:21984 [dir_watcher.py:finish():362] shutting down directory watcher
2023-01-03 16:33:38,864 INFO    SenderThread:21984 [dir_watcher.py:_on_file_modified():292] file/dir modified: C:\Users\jandr\Documents\Terran\Master thesis\EigenDRL\wandb\run-20230103_162927-3eg2oh8p\files\output.log
2023-01-03 16:33:38,865 INFO    SenderThread:21984 [dir_watcher.py:finish():392] scan: C:\Users\jandr\Documents\Terran\Master thesis\EigenDRL\wandb\run-20230103_162927-3eg2oh8p\files
2023-01-03 16:33:38,865 INFO    SenderThread:21984 [dir_watcher.py:finish():406] scan save: C:\Users\jandr\Documents\Terran\Master thesis\EigenDRL\wandb\run-20230103_162927-3eg2oh8p\files\conda-environment.yaml conda-environment.yaml
2023-01-03 16:33:38,865 INFO    SenderThread:21984 [dir_watcher.py:finish():406] scan save: C:\Users\jandr\Documents\Terran\Master thesis\EigenDRL\wandb\run-20230103_162927-3eg2oh8p\files\config.yaml config.yaml
2023-01-03 16:33:38,866 INFO    SenderThread:21984 [dir_watcher.py:finish():406] scan save: C:\Users\jandr\Documents\Terran\Master thesis\EigenDRL\wandb\run-20230103_162927-3eg2oh8p\files\diff.patch diff.patch
2023-01-03 16:33:38,866 INFO    SenderThread:21984 [dir_watcher.py:finish():406] scan save: C:\Users\jandr\Documents\Terran\Master thesis\EigenDRL\wandb\run-20230103_162927-3eg2oh8p\files\output.log output.log
2023-01-03 16:33:38,868 INFO    SenderThread:21984 [dir_watcher.py:finish():406] scan save: C:\Users\jandr\Documents\Terran\Master thesis\EigenDRL\wandb\run-20230103_162927-3eg2oh8p\files\requirements.txt requirements.txt
2023-01-03 16:33:38,871 INFO    SenderThread:21984 [dir_watcher.py:finish():406] scan save: C:\Users\jandr\Documents\Terran\Master thesis\EigenDRL\wandb\run-20230103_162927-3eg2oh8p\files\wandb-metadata.json wandb-metadata.json
2023-01-03 16:33:38,871 INFO    SenderThread:21984 [dir_watcher.py:finish():406] scan save: C:\Users\jandr\Documents\Terran\Master thesis\EigenDRL\wandb\run-20230103_162927-3eg2oh8p\files\wandb-summary.json wandb-summary.json
2023-01-03 16:33:38,873 INFO    SenderThread:21984 [sender.py:transition_state():463] send defer: 8
2023-01-03 16:33:38,876 DEBUG   HandlerThread:21984 [handler.py:handle_request():139] handle_request: defer
2023-01-03 16:33:38,876 INFO    HandlerThread:21984 [handler.py:handle_request_defer():162] handle defer: 8
2023-01-03 16:33:38,876 DEBUG   SenderThread:21984 [sender.py:send_request():317] send_request: defer
2023-01-03 16:33:38,876 INFO    SenderThread:21984 [sender.py:send_request_defer():459] handle sender defer: 8
2023-01-03 16:33:38,876 INFO    SenderThread:21984 [file_pusher.py:finish():168] shutting down file pusher
2023-01-03 16:33:39,513 INFO    Thread-40 :21984 [upload_job.py:push():143] Uploaded file C:\Users\jandr\Documents\Terran\Master thesis\EigenDRL\wandb\run-20230103_162927-3eg2oh8p\files\wandb-summary.json
2023-01-03 16:33:39,517 INFO    Thread-39 :21984 [upload_job.py:push():143] Uploaded file C:\Users\jandr\Documents\Terran\Master thesis\EigenDRL\wandb\run-20230103_162927-3eg2oh8p\files\requirements.txt
2023-01-03 16:33:39,518 INFO    Thread-37 :21984 [upload_job.py:push():143] Uploaded file C:\Users\jandr\Documents\Terran\Master thesis\EigenDRL\wandb\run-20230103_162927-3eg2oh8p\files\config.yaml
2023-01-03 16:33:39,553 INFO    Thread-38 :21984 [upload_job.py:push():143] Uploaded file C:\Users\jandr\Documents\Terran\Master thesis\EigenDRL\wandb\run-20230103_162927-3eg2oh8p\files\output.log
2023-01-03 16:33:39,761 INFO    Thread-16 :21984 [sender.py:transition_state():463] send defer: 9
2023-01-03 16:33:39,762 DEBUG   HandlerThread:21984 [handler.py:handle_request():139] handle_request: defer
2023-01-03 16:33:39,762 INFO    HandlerThread:21984 [handler.py:handle_request_defer():162] handle defer: 9
2023-01-03 16:33:39,762 DEBUG   SenderThread:21984 [sender.py:send_request():317] send_request: defer
2023-01-03 16:33:39,762 INFO    SenderThread:21984 [sender.py:send_request_defer():459] handle sender defer: 9
2023-01-03 16:33:39,762 INFO    SenderThread:21984 [file_pusher.py:join():173] waiting for file pusher
2023-01-03 16:33:39,762 INFO    SenderThread:21984 [sender.py:transition_state():463] send defer: 10
2023-01-03 16:33:39,763 DEBUG   HandlerThread:21984 [handler.py:handle_request():139] handle_request: defer
2023-01-03 16:33:39,763 INFO    HandlerThread:21984 [handler.py:handle_request_defer():162] handle defer: 10
2023-01-03 16:33:39,763 DEBUG   SenderThread:21984 [sender.py:send_request():317] send_request: defer
2023-01-03 16:33:39,763 INFO    SenderThread:21984 [sender.py:send_request_defer():459] handle sender defer: 10
2023-01-03 16:33:39,958 INFO    SenderThread:21984 [sender.py:transition_state():463] send defer: 11
2023-01-03 16:33:39,958 DEBUG   HandlerThread:21984 [handler.py:handle_request():139] handle_request: defer
2023-01-03 16:33:39,958 INFO    HandlerThread:21984 [handler.py:handle_request_defer():162] handle defer: 11
2023-01-03 16:33:39,958 DEBUG   SenderThread:21984 [sender.py:send_request():317] send_request: defer
2023-01-03 16:33:39,958 INFO    SenderThread:21984 [sender.py:send_request_defer():459] handle sender defer: 11
2023-01-03 16:33:39,959 INFO    SenderThread:21984 [sender.py:transition_state():463] send defer: 12
2023-01-03 16:33:39,959 DEBUG   SenderThread:21984 [sender.py:send():303] send: final
2023-01-03 16:33:39,959 DEBUG   SenderThread:21984 [sender.py:send():303] send: footer
2023-01-03 16:33:39,959 DEBUG   HandlerThread:21984 [handler.py:handle_request():139] handle_request: defer
2023-01-03 16:33:39,959 INFO    HandlerThread:21984 [handler.py:handle_request_defer():162] handle defer: 12
2023-01-03 16:33:39,959 DEBUG   SenderThread:21984 [sender.py:send_request():317] send_request: defer
2023-01-03 16:33:39,959 INFO    SenderThread:21984 [sender.py:send_request_defer():459] handle sender defer: 12
2023-01-03 16:33:39,960 DEBUG   HandlerThread:21984 [handler.py:handle_request():139] handle_request: poll_exit
2023-01-03 16:33:39,960 DEBUG   SenderThread:21984 [sender.py:send_request():317] send_request: poll_exit
2023-01-03 16:33:39,960 DEBUG   HandlerThread:21984 [handler.py:handle_request():139] handle_request: server_info
2023-01-03 16:33:39,961 DEBUG   SenderThread:21984 [sender.py:send_request():317] send_request: server_info
2023-01-03 16:33:39,961 DEBUG   HandlerThread:21984 [handler.py:handle_request():139] handle_request: get_summary
2023-01-03 16:33:39,963 DEBUG   HandlerThread:21984 [handler.py:handle_request():139] handle_request: sampled_history
2023-01-03 16:33:40,431 INFO    MainThread:21984 [wandb_run.py:_footer_history_summary_info():3408] rendering history
2023-01-03 16:33:40,431 INFO    MainThread:21984 [wandb_run.py:_footer_history_summary_info():3440] rendering summary
2023-01-03 16:33:40,431 INFO    MainThread:21984 [wandb_run.py:_footer_sync_info():3364] logging synced files
2023-01-03 16:33:40,432 DEBUG   HandlerThread:21984 [handler.py:handle_request():139] handle_request: shutdown
2023-01-03 16:33:40,432 INFO    HandlerThread:21984 [handler.py:finish():814] shutting down handler
2023-01-03 16:33:40,968 INFO    WriterThread:21984 [datastore.py:close():279] close: C:\Users\jandr\Documents\Terran\Master thesis\EigenDRL\wandb\run-20230103_162927-3eg2oh8p\run-3eg2oh8p.wandb
2023-01-03 16:33:41,431 INFO    SenderThread:21984 [sender.py:finish():1331] shutting down sender
2023-01-03 16:33:41,431 INFO    SenderThread:21984 [file_pusher.py:finish():168] shutting down file pusher
2023-01-03 16:33:41,431 INFO    SenderThread:21984 [file_pusher.py:join():173] waiting for file pusher
2023-01-03 16:33:41,504 INFO    MainThread:21984 [internal.py:handle_exit():77] Internal process exited
