2023-01-04 08:40:34,821 INFO    StreamThr :29748 [internal.py:wandb_internal():90] W&B internal server running at pid: 29748, started at: 2023-01-04 08:40:34.820515
2023-01-04 08:40:34,822 DEBUG   HandlerThread:29748 [handler.py:handle_request():139] handle_request: status
2023-01-04 08:40:34,824 DEBUG   SenderThread:29748 [sender.py:send_request():317] send_request: status
2023-01-04 08:40:34,826 DEBUG   SenderThread:29748 [sender.py:send():303] send: header
2023-01-04 08:40:34,826 INFO    WriterThread:29748 [datastore.py:open_for_write():75] open: C:\Users\jandr\Documents\Terran\Master thesis\EigenDRL\wandb\run-20230104_084034-24xe7rqf\run-24xe7rqf.wandb
2023-01-04 08:40:34,856 DEBUG   SenderThread:29748 [sender.py:send():303] send: run
2023-01-04 08:40:35,359 DEBUG   HandlerThread:29748 [handler.py:handle_request():139] handle_request: check_version
2023-01-04 08:40:35,363 INFO    SenderThread:29748 [dir_watcher.py:__init__():216] watching files in: C:\Users\jandr\Documents\Terran\Master thesis\EigenDRL\wandb\run-20230104_084034-24xe7rqf\files
2023-01-04 08:40:35,364 INFO    SenderThread:29748 [sender.py:_start_run_threads():931] run started: 24xe7rqf with start time 1672818034.819015
2023-01-04 08:40:35,364 DEBUG   SenderThread:29748 [sender.py:send():303] send: summary
2023-01-04 08:40:35,364 INFO    SenderThread:29748 [sender.py:_save_file():1171] saving file wandb-summary.json with policy end
2023-01-04 08:40:35,364 DEBUG   SenderThread:29748 [sender.py:send_request():317] send_request: check_version
2023-01-04 08:40:35,485 DEBUG   HandlerThread:29748 [handler.py:handle_request():139] handle_request: run_start
2023-01-04 08:40:36,087 DEBUG   HandlerThread:29748 [system_info.py:__init__():31] System info init
2023-01-04 08:40:36,087 DEBUG   HandlerThread:29748 [system_info.py:__init__():46] System info init done
2023-01-04 08:40:36,087 INFO    HandlerThread:29748 [system_monitor.py:start():150] Starting system monitor
2023-01-04 08:40:36,088 INFO    SystemMonitor:29748 [system_monitor.py:_start():116] Starting system asset monitoring threads
2023-01-04 08:40:36,088 INFO    HandlerThread:29748 [system_monitor.py:probe():171] Collecting system info
2023-01-04 08:40:36,093 INFO    SystemMonitor:29748 [interfaces.py:start():168] Started cpu
2023-01-04 08:40:36,094 INFO    SystemMonitor:29748 [interfaces.py:start():168] Started disk
2023-01-04 08:40:36,094 INFO    SystemMonitor:29748 [interfaces.py:start():168] Started gpu
2023-01-04 08:40:36,103 INFO    SystemMonitor:29748 [interfaces.py:start():168] Started memory
2023-01-04 08:40:36,113 INFO    SystemMonitor:29748 [interfaces.py:start():168] Started network
2023-01-04 08:40:36,122 DEBUG   HandlerThread:29748 [system_info.py:probe():195] Probing system
2023-01-04 08:40:36,123 DEBUG   HandlerThread:29748 [system_info.py:_probe_git():180] Probing git
2023-01-04 08:40:36,186 DEBUG   HandlerThread:29748 [system_info.py:_probe_git():188] Probing git done
2023-01-04 08:40:36,186 DEBUG   HandlerThread:29748 [system_info.py:probe():241] Probing system done
2023-01-04 08:40:36,186 DEBUG   HandlerThread:29748 [system_monitor.py:probe():180] {'os': 'Windows-10-10.0.22000-SP0', 'python': '3.7.15', 'heartbeatAt': '2023-01-04T07:40:36.122512', 'startedAt': '2023-01-04T07:40:34.807513', 'docker': None, 'cuda': None, 'args': ('--algo', 'tqc', '--env', 'TestEnvironment-v1', '--progress', '--conf-file', '.\\hyperparams\\tqc.yml', '--eval-freq', '200', '--track', '--wandb-project-name', 'EigenHunt', '--device', 'cuda', '--vec-env', 'dummy'), 'state': 'running', 'program': 'C:\\Users\\jandr\\anaconda3\\envs\\dlr\\Scripts\\rl_zoo3-script.py', 'codePath': '..\\..\\..\\..\\anaconda3\\envs\\dlr\\Scripts\\rl_zoo3-script.py', 'git': {'remote': 'https://github.com/coin15/EigenDRL.git', 'commit': '7e3ddf25ab860b5163e230bdbdbf4a5cccc58a66'}, 'email': 'ge56ruj@mytum.de', 'root': 'C:/Users/jandr/Documents/Terran/Master thesis/EigenDRL', 'host': 'LAPTOP-N6EUVKRH', 'username': 'jandr', 'executable': 'C:\\Users\\jandr\\anaconda3\\envs\\dlr\\python.exe', 'cpu_count': 8, 'cpu_count_logical': 16, 'cpu_freq': {'current': 2652.0, 'min': 0.0, 'max': 3301.0}, 'cpu_freq_per_core': [{'current': 2652.0, 'min': 0.0, 'max': 3301.0}], 'disk': {'total': 455.5081214904785, 'used': 423.15683364868164}, 'gpu': 'NVIDIA GeForce RTX 3060 Laptop GPU', 'gpu_count': 1, 'gpu_devices': [{'name': 'NVIDIA GeForce RTX 3060 Laptop GPU', 'memory_total': 6442450944}], 'memory': {'total': 15.422203063964844}}
2023-01-04 08:40:36,187 INFO    HandlerThread:29748 [system_monitor.py:probe():181] Finished collecting system info
2023-01-04 08:40:36,187 INFO    HandlerThread:29748 [system_monitor.py:probe():184] Publishing system info
2023-01-04 08:40:36,187 DEBUG   HandlerThread:29748 [system_info.py:_save_pip():52] Saving list of pip packages installed into the current environment
2023-01-04 08:40:36,187 DEBUG   HandlerThread:29748 [system_info.py:_save_pip():67] Saving pip packages done
2023-01-04 08:40:36,188 DEBUG   HandlerThread:29748 [system_info.py:_save_conda():75] Saving list of conda packages installed into the current environment
2023-01-04 08:40:36,190 ERROR   HandlerThread:29748 [system_info.py:_save_conda():85] Error saving conda packages: [WinError 2] The system cannot find the file specified
Traceback (most recent call last):
  File "C:\Users\jandr\anaconda3\envs\dlr\lib\site-packages\wandb\sdk\internal\system\system_info.py", line 82, in _save_conda
    ["conda", "env", "export"], stdout=f, stderr=subprocess.DEVNULL
  File "C:\Users\jandr\anaconda3\envs\dlr\lib\subprocess.py", line 339, in call
    with Popen(*popenargs, **kwargs) as p:
  File "C:\Users\jandr\anaconda3\envs\dlr\lib\subprocess.py", line 800, in __init__
    restore_signals, start_new_session)
  File "C:\Users\jandr\anaconda3\envs\dlr\lib\subprocess.py", line 1207, in _execute_child
    startupinfo)
FileNotFoundError: [WinError 2] The system cannot find the file specified
2023-01-04 08:40:36,191 DEBUG   HandlerThread:29748 [system_info.py:_save_conda():86] Saving conda packages done
2023-01-04 08:40:36,192 DEBUG   HandlerThread:29748 [system_info.py:_save_code():89] Saving code
2023-01-04 08:40:36,224 DEBUG   HandlerThread:29748 [system_info.py:_save_code():110] Saving code done
2023-01-04 08:40:36,224 DEBUG   HandlerThread:29748 [system_info.py:_save_patches():127] Saving git patches
2023-01-04 08:40:36,376 INFO    Thread-17 :29748 [dir_watcher.py:_on_file_created():275] file/dir created: C:\Users\jandr\Documents\Terran\Master thesis\EigenDRL\wandb\run-20230104_084034-24xe7rqf\files\wandb-summary.json
2023-01-04 08:40:36,377 INFO    Thread-17 :29748 [dir_watcher.py:_on_file_created():275] file/dir created: C:\Users\jandr\Documents\Terran\Master thesis\EigenDRL\wandb\run-20230104_084034-24xe7rqf\files\conda-environment.yaml
2023-01-04 08:40:36,377 INFO    Thread-17 :29748 [dir_watcher.py:_on_file_created():275] file/dir created: C:\Users\jandr\Documents\Terran\Master thesis\EigenDRL\wandb\run-20230104_084034-24xe7rqf\files\requirements.txt
2023-01-04 08:40:36,524 DEBUG   HandlerThread:29748 [system_info.py:_save_patches():169] Saving git patches done
2023-01-04 08:40:36,525 INFO    HandlerThread:29748 [system_monitor.py:probe():186] Finished publishing system info
2023-01-04 08:40:36,566 DEBUG   SenderThread:29748 [sender.py:send():303] send: files
2023-01-04 08:40:36,567 INFO    SenderThread:29748 [sender.py:_save_file():1171] saving file wandb-metadata.json with policy now
2023-01-04 08:40:36,567 INFO    SenderThread:29748 [sender.py:_save_file():1171] saving file code\..\..\..\..\anaconda3\envs\dlr\Scripts\rl_zoo3-script.py with policy now
2023-01-04 08:40:36,568 INFO    SenderThread:29748 [sender.py:_save_file():1171] saving file diff.patch with policy now
2023-01-04 08:40:36,576 DEBUG   HandlerThread:29748 [handler.py:handle_request():139] handle_request: stop_status
2023-01-04 08:40:36,576 DEBUG   SenderThread:29748 [sender.py:send_request():317] send_request: stop_status
2023-01-04 08:40:36,608 INFO    HandlerThread:29748 [handler.py:handle_tbrecord():724] handling tbrecord: tbrecord {
  log_dir: "runs/TestEnvironment-v1__tqc__1058399184__1672818032\\TestEnvironment-v1\\TQC_1"
  save: true
}
control {
  relay_id: "0edbb0a0be524f2baea351f95c67feeb"
}
_info {
  stream_id: "24xe7rqf"
}

2023-01-04 08:40:36,609 DEBUG   HandlerThread:29748 [config_util.py:dict_from_config_file():100] no default config file found in config-defaults.yaml
2023-01-04 08:40:36,640 DEBUG   Thread-38 :29748 [tb_watcher.py:_process_events():275] Encountered tensorboard directory watcher error: symbolic link privilege not held
2023-01-04 08:40:36,812 DEBUG   SenderThread:29748 [sender.py:send():303] send: telemetry
2023-01-04 08:40:36,820 DEBUG   SenderThread:29748 [sender.py:send():303] send: config
2023-01-04 08:40:36,820 DEBUG   SenderThread:29748 [sender.py:send():303] send: tbrecord
2023-01-04 08:40:37,043 ERROR   Thread-35 :29748 [internal_api.py:upload_file():1924] upload_file exception https://storage.googleapis.com/wandb-production.appspot.com/tum-adlr-ss22-02/EigenHunt/24xe7rqf/../../../anaconda3/envs/dlr/Scripts/rl_zoo3-script.py?Expires=1672904434&GoogleAccessId=wandb-production%40appspot.gserviceaccount.com&Signature=t9187uI3yNnOCYKA5P39tjedbBapkL1vBD0nTUYFcLa1Gy41Q47b098n80iHACcNxnIalLS1GA5tbI2b2In4sz%2FKov5NzJbo30avp2OEuZnTw7Wf51VDkhB11MXtNJSvxofP6%2FMjWHrIoqMzrZHBW9U7E5%2FOgfqtenPn4bVvzWdI9ugSCRVhjXNfCRFOn7AKYomNIxAVZpAVK4JgHGUs3jfslI2e55nQlGlaGtj%2Bmp0NNo0FQ4K6TteeVi732Ok7dpg3mS%2Bv5vSf2h5QnFPtbWsqQ2WDMGCGyNfR9%2Fi7IURWyBzsXpixrijznKAzgLVlWW7DTGe5HkJ5E0mxcGpVPA%3D%3D: 403 Client Error: Forbidden for url: https://storage.googleapis.com/wandb-production.appspot.com/anaconda3/envs/dlr/Scripts/rl_zoo3-script.py?Expires=1672904434&GoogleAccessId=wandb-production%40appspot.gserviceaccount.com&Signature=t9187uI3yNnOCYKA5P39tjedbBapkL1vBD0nTUYFcLa1Gy41Q47b098n80iHACcNxnIalLS1GA5tbI2b2In4sz%2FKov5NzJbo30avp2OEuZnTw7Wf51VDkhB11MXtNJSvxofP6%2FMjWHrIoqMzrZHBW9U7E5%2FOgfqtenPn4bVvzWdI9ugSCRVhjXNfCRFOn7AKYomNIxAVZpAVK4JgHGUs3jfslI2e55nQlGlaGtj%2Bmp0NNo0FQ4K6TteeVi732Ok7dpg3mS%2Bv5vSf2h5QnFPtbWsqQ2WDMGCGyNfR9%2Fi7IURWyBzsXpixrijznKAzgLVlWW7DTGe5HkJ5E0mxcGpVPA%3D%3D
2023-01-04 08:40:37,043 ERROR   Thread-35 :29748 [internal_api.py:upload_file():1926] upload_file request headers: {'User-Agent': 'python-requests/2.28.1', 'Accept-Encoding': 'gzip, deflate', 'Accept': '*/*', 'Connection': 'keep-alive', 'Content-Length': '998'}
2023-01-04 08:40:37,044 ERROR   Thread-35 :29748 [internal_api.py:upload_file():1928] upload_file response body: b"<?xml version='1.0' encoding='UTF-8'?><Error><Code>SignatureDoesNotMatch</Code><Message>The request signature we calculated does not match the signature you provided. Check your Google secret key and signing method.</Message><StringToSign>PUT\n\n\n1672904434\n/wandb-production.appspot.com/anaconda3/envs/dlr/Scripts/rl_zoo3-script.py</StringToSign></Error>"
2023-01-04 08:40:37,048 ERROR   Thread-35 :29748 [upload_job.py:push():146] Failed to upload file: C:\Users\jandr\AppData\Local\Temp\tmpy2lgs_e8wandb\2c5d3d1g-../../../anaconda3/envs/dlr/Scripts/rl_zoo3-script.py
Traceback (most recent call last):
  File "C:\Users\jandr\anaconda3\envs\dlr\lib\site-packages\wandb\apis\normalize.py", line 26, in wrapper
    return func(*args, **kwargs)
  File "C:\Users\jandr\anaconda3\envs\dlr\lib\site-packages\wandb\sdk\lib\retry.py", line 190, in wrapped_fn
    return retrier(*args, **kargs)
  File "C:\Users\jandr\anaconda3\envs\dlr\lib\site-packages\wandb\sdk\lib\retry.py", line 113, in __call__
    result = self._call_fn(*args, **kwargs)
  File "C:\Users\jandr\anaconda3\envs\dlr\lib\site-packages\wandb\sdk\internal\internal_api.py", line 1950, in upload_file
    util.sentry_reraise(e)
  File "C:\Users\jandr\anaconda3\envs\dlr\lib\site-packages\wandb\util.py", line 222, in sentry_reraise
    raise exc.with_traceback(sys.exc_info()[2])
  File "C:\Users\jandr\anaconda3\envs\dlr\lib\site-packages\wandb\sdk\internal\internal_api.py", line 1922, in upload_file
    response.raise_for_status()
  File "C:\Users\jandr\anaconda3\envs\dlr\lib\site-packages\requests\models.py", line 1021, in raise_for_status
    raise HTTPError(http_error_msg, response=self)
requests.exceptions.HTTPError: 403 Client Error: Forbidden for url: https://storage.googleapis.com/wandb-production.appspot.com/anaconda3/envs/dlr/Scripts/rl_zoo3-script.py?Expires=1672904434&GoogleAccessId=wandb-production%40appspot.gserviceaccount.com&Signature=t9187uI3yNnOCYKA5P39tjedbBapkL1vBD0nTUYFcLa1Gy41Q47b098n80iHACcNxnIalLS1GA5tbI2b2In4sz%2FKov5NzJbo30avp2OEuZnTw7Wf51VDkhB11MXtNJSvxofP6%2FMjWHrIoqMzrZHBW9U7E5%2FOgfqtenPn4bVvzWdI9ugSCRVhjXNfCRFOn7AKYomNIxAVZpAVK4JgHGUs3jfslI2e55nQlGlaGtj%2Bmp0NNo0FQ4K6TteeVi732Ok7dpg3mS%2Bv5vSf2h5QnFPtbWsqQ2WDMGCGyNfR9%2Fi7IURWyBzsXpixrijznKAzgLVlWW7DTGe5HkJ5E0mxcGpVPA%3D%3D

During handling of the above exception, another exception occurred:

Traceback (most recent call last):
  File "C:\Users\jandr\anaconda3\envs\dlr\lib\site-packages\wandb\filesync\upload_job.py", line 141, in push
    extra_headers=extra_headers,
  File "C:\Users\jandr\anaconda3\envs\dlr\lib\site-packages\wandb\apis\normalize.py", line 28, in wrapper
    raise CommError(err.response, err)
wandb.errors.CommError: <Response [403]>
2023-01-04 08:40:37,210 INFO    Thread-34 :29748 [upload_job.py:push():143] Uploaded file C:\Users\jandr\AppData\Local\Temp\tmpy2lgs_e8wandb\2z5d8o07-wandb-metadata.json
2023-01-04 08:40:37,344 INFO    Thread-36 :29748 [upload_job.py:push():143] Uploaded file C:\Users\jandr\AppData\Local\Temp\tmpy2lgs_e8wandb\33fr38xq-diff.patch
2023-01-04 08:40:37,380 INFO    Thread-17 :29748 [dir_watcher.py:_on_file_created():275] file/dir created: C:\Users\jandr\Documents\Terran\Master thesis\EigenDRL\wandb\run-20230104_084034-24xe7rqf\files\output.log
2023-01-04 08:40:37,381 INFO    Thread-17 :29748 [dir_watcher.py:_on_file_created():275] file/dir created: C:\Users\jandr\Documents\Terran\Master thesis\EigenDRL\wandb\run-20230104_084034-24xe7rqf\files\wandb-metadata.json
2023-01-04 08:40:37,381 INFO    Thread-17 :29748 [dir_watcher.py:_on_file_created():275] file/dir created: C:\Users\jandr\Documents\Terran\Master thesis\EigenDRL\wandb\run-20230104_084034-24xe7rqf\files\diff.patch
2023-01-04 08:40:39,393 INFO    Thread-17 :29748 [dir_watcher.py:_on_file_modified():292] file/dir modified: C:\Users\jandr\Documents\Terran\Master thesis\EigenDRL\wandb\run-20230104_084034-24xe7rqf\files\output.log
2023-01-04 08:40:41,368 DEBUG   SenderThread:29748 [sender.py:send():303] send: exit
2023-01-04 08:40:41,368 INFO    SenderThread:29748 [sender.py:send_exit():442] handling exit code: 0
2023-01-04 08:40:41,369 INFO    SenderThread:29748 [sender.py:send_exit():444] handling runtime: 5
2023-01-04 08:40:41,369 INFO    SenderThread:29748 [sender.py:_save_file():1171] saving file wandb-summary.json with policy end
2023-01-04 08:40:41,370 INFO    SenderThread:29748 [sender.py:send_exit():450] send defer
2023-01-04 08:40:41,370 DEBUG   HandlerThread:29748 [handler.py:handle_request():139] handle_request: defer
2023-01-04 08:40:41,370 INFO    HandlerThread:29748 [handler.py:handle_request_defer():162] handle defer: 0
2023-01-04 08:40:41,370 DEBUG   SenderThread:29748 [sender.py:send_request():317] send_request: defer
2023-01-04 08:40:41,370 INFO    SenderThread:29748 [sender.py:send_request_defer():459] handle sender defer: 0
2023-01-04 08:40:41,370 INFO    SenderThread:29748 [sender.py:transition_state():463] send defer: 1
2023-01-04 08:40:41,371 DEBUG   HandlerThread:29748 [handler.py:handle_request():139] handle_request: defer
2023-01-04 08:40:41,371 INFO    HandlerThread:29748 [handler.py:handle_request_defer():162] handle defer: 1
2023-01-04 08:40:41,371 INFO    HandlerThread:29748 [system_monitor.py:finish():160] Stopping system monitor
2023-01-04 08:40:41,371 DEBUG   SystemMonitor:29748 [system_monitor.py:_start():130] Starting system metrics aggregation loop
2023-01-04 08:40:41,371 DEBUG   SystemMonitor:29748 [system_monitor.py:_start():137] Finished system metrics aggregation loop
2023-01-04 08:40:41,371 INFO    HandlerThread:29748 [interfaces.py:finish():175] Joined cpu
2023-01-04 08:40:41,371 DEBUG   SystemMonitor:29748 [system_monitor.py:_start():141] Publishing last batch of metrics
2023-01-04 08:40:41,383 INFO    HandlerThread:29748 [interfaces.py:finish():175] Joined disk
2023-01-04 08:40:41,428 INFO    HandlerThread:29748 [interfaces.py:finish():175] Joined gpu
2023-01-04 08:40:41,428 INFO    HandlerThread:29748 [interfaces.py:finish():175] Joined memory
2023-01-04 08:40:41,428 INFO    HandlerThread:29748 [interfaces.py:finish():175] Joined network
2023-01-04 08:40:41,429 DEBUG   SenderThread:29748 [sender.py:send_request():317] send_request: defer
2023-01-04 08:40:41,429 INFO    SenderThread:29748 [sender.py:send_request_defer():459] handle sender defer: 1
2023-01-04 08:40:41,429 INFO    SenderThread:29748 [sender.py:transition_state():463] send defer: 2
2023-01-04 08:40:41,429 DEBUG   SenderThread:29748 [sender.py:send():303] send: stats
2023-01-04 08:40:41,430 INFO    Thread-17 :29748 [dir_watcher.py:_on_file_modified():292] file/dir modified: C:\Users\jandr\Documents\Terran\Master thesis\EigenDRL\wandb\run-20230104_084034-24xe7rqf\files\output.log
2023-01-04 08:40:41,430 DEBUG   HandlerThread:29748 [handler.py:handle_request():139] handle_request: defer
2023-01-04 08:40:41,430 INFO    Thread-17 :29748 [dir_watcher.py:_on_file_modified():292] file/dir modified: C:\Users\jandr\Documents\Terran\Master thesis\EigenDRL\wandb\run-20230104_084034-24xe7rqf\files\wandb-summary.json
2023-01-04 08:40:41,430 INFO    HandlerThread:29748 [handler.py:handle_request_defer():162] handle defer: 2
2023-01-04 08:40:41,431 DEBUG   SenderThread:29748 [sender.py:send_request():317] send_request: defer
2023-01-04 08:40:41,431 INFO    SenderThread:29748 [sender.py:send_request_defer():459] handle sender defer: 2
2023-01-04 08:40:41,431 INFO    SenderThread:29748 [sender.py:transition_state():463] send defer: 3
2023-01-04 08:40:41,431 DEBUG   HandlerThread:29748 [handler.py:handle_request():139] handle_request: defer
2023-01-04 08:40:41,431 INFO    HandlerThread:29748 [handler.py:handle_request_defer():162] handle defer: 3
2023-01-04 08:40:43,449 INFO    Thread-17 :29748 [dir_watcher.py:_on_file_modified():292] file/dir modified: C:\Users\jandr\Documents\Terran\Master thesis\EigenDRL\wandb\run-20230104_084034-24xe7rqf\files\output.log
2023-01-04 08:40:44,454 INFO    Thread-17 :29748 [dir_watcher.py:_on_file_created():275] file/dir created: C:\Users\jandr\Documents\Terran\Master thesis\EigenDRL\wandb\run-20230104_084034-24xe7rqf\files\conda-environment.yaml
2023-01-04 08:40:47,670 DEBUG   SenderThread:29748 [sender.py:send_request():317] send_request: defer
2023-01-04 08:40:47,671 DEBUG   HandlerThread:29748 [handler.py:handle_request():139] handle_request: poll_exit
2023-01-04 08:40:47,671 INFO    SenderThread:29748 [sender.py:send_request_defer():459] handle sender defer: 3
2023-01-04 08:40:47,671 INFO    SenderThread:29748 [sender.py:transition_state():463] send defer: 4
2023-01-04 08:40:47,671 DEBUG   HandlerThread:29748 [handler.py:handle_request():139] handle_request: keepalive
2023-01-04 08:40:47,671 DEBUG   SenderThread:29748 [sender.py:send_request():317] send_request: poll_exit
2023-01-04 08:40:47,671 DEBUG   HandlerThread:29748 [handler.py:handle_request():139] handle_request: defer
2023-01-04 08:40:47,671 INFO    HandlerThread:29748 [handler.py:handle_request_defer():162] handle defer: 4
2023-01-04 08:40:47,672 DEBUG   SenderThread:29748 [sender.py:send():303] send: summary
2023-01-04 08:40:47,673 INFO    SenderThread:29748 [sender.py:_save_file():1171] saving file wandb-summary.json with policy end
2023-01-04 08:40:47,673 DEBUG   SenderThread:29748 [sender.py:send_request():317] send_request: defer
2023-01-04 08:40:47,674 INFO    SenderThread:29748 [sender.py:send_request_defer():459] handle sender defer: 4
2023-01-04 08:40:47,674 INFO    SenderThread:29748 [sender.py:transition_state():463] send defer: 5
2023-01-04 08:40:47,674 DEBUG   HandlerThread:29748 [handler.py:handle_request():139] handle_request: defer
2023-01-04 08:40:47,674 INFO    HandlerThread:29748 [handler.py:handle_request_defer():162] handle defer: 5
2023-01-04 08:40:47,674 DEBUG   SenderThread:29748 [sender.py:send_request():317] send_request: defer
2023-01-04 08:40:47,674 INFO    SenderThread:29748 [sender.py:send_request_defer():459] handle sender defer: 5
2023-01-04 08:40:48,017 INFO    SenderThread:29748 [sender.py:transition_state():463] send defer: 6
2023-01-04 08:40:48,017 DEBUG   HandlerThread:29748 [handler.py:handle_request():139] handle_request: defer
2023-01-04 08:40:48,018 INFO    HandlerThread:29748 [handler.py:handle_request_defer():162] handle defer: 6
2023-01-04 08:40:48,018 DEBUG   SenderThread:29748 [sender.py:send_request():317] send_request: defer
2023-01-04 08:40:48,018 INFO    SenderThread:29748 [sender.py:send_request_defer():459] handle sender defer: 6
2023-01-04 08:40:48,477 INFO    Thread-17 :29748 [dir_watcher.py:_on_file_modified():292] file/dir modified: C:\Users\jandr\Documents\Terran\Master thesis\EigenDRL\wandb\run-20230104_084034-24xe7rqf\files\wandb-summary.json
2023-01-04 08:40:48,477 INFO    Thread-17 :29748 [dir_watcher.py:_on_file_modified():292] file/dir modified: C:\Users\jandr\Documents\Terran\Master thesis\EigenDRL\wandb\run-20230104_084034-24xe7rqf\files\config.yaml
2023-01-04 08:40:48,894 INFO    SenderThread:29748 [sender.py:transition_state():463] send defer: 7
2023-01-04 08:40:48,895 DEBUG   HandlerThread:29748 [handler.py:handle_request():139] handle_request: defer
2023-01-04 08:40:48,895 INFO    HandlerThread:29748 [handler.py:handle_request_defer():162] handle defer: 7
2023-01-04 08:40:48,895 DEBUG   SenderThread:29748 [sender.py:send_request():317] send_request: defer
2023-01-04 08:40:48,895 INFO    SenderThread:29748 [sender.py:send_request_defer():459] handle sender defer: 7
2023-01-04 08:40:48,895 INFO    SenderThread:29748 [dir_watcher.py:finish():362] shutting down directory watcher
2023-01-04 08:40:49,481 INFO    SenderThread:29748 [dir_watcher.py:_on_file_modified():292] file/dir modified: C:\Users\jandr\Documents\Terran\Master thesis\EigenDRL\wandb\run-20230104_084034-24xe7rqf\files\output.log
2023-01-04 08:40:49,482 INFO    SenderThread:29748 [dir_watcher.py:finish():392] scan: C:\Users\jandr\Documents\Terran\Master thesis\EigenDRL\wandb\run-20230104_084034-24xe7rqf\files
2023-01-04 08:40:49,483 INFO    SenderThread:29748 [dir_watcher.py:finish():406] scan save: C:\Users\jandr\Documents\Terran\Master thesis\EigenDRL\wandb\run-20230104_084034-24xe7rqf\files\conda-environment.yaml conda-environment.yaml
2023-01-04 08:40:49,483 INFO    SenderThread:29748 [dir_watcher.py:finish():406] scan save: C:\Users\jandr\Documents\Terran\Master thesis\EigenDRL\wandb\run-20230104_084034-24xe7rqf\files\config.yaml config.yaml
2023-01-04 08:40:49,483 INFO    SenderThread:29748 [dir_watcher.py:finish():406] scan save: C:\Users\jandr\Documents\Terran\Master thesis\EigenDRL\wandb\run-20230104_084034-24xe7rqf\files\diff.patch diff.patch
2023-01-04 08:40:49,483 INFO    SenderThread:29748 [dir_watcher.py:finish():406] scan save: C:\Users\jandr\Documents\Terran\Master thesis\EigenDRL\wandb\run-20230104_084034-24xe7rqf\files\output.log output.log
2023-01-04 08:40:49,486 INFO    SenderThread:29748 [dir_watcher.py:finish():406] scan save: C:\Users\jandr\Documents\Terran\Master thesis\EigenDRL\wandb\run-20230104_084034-24xe7rqf\files\requirements.txt requirements.txt
2023-01-04 08:40:49,488 INFO    SenderThread:29748 [dir_watcher.py:finish():406] scan save: C:\Users\jandr\Documents\Terran\Master thesis\EigenDRL\wandb\run-20230104_084034-24xe7rqf\files\wandb-metadata.json wandb-metadata.json
2023-01-04 08:40:49,488 INFO    SenderThread:29748 [dir_watcher.py:finish():406] scan save: C:\Users\jandr\Documents\Terran\Master thesis\EigenDRL\wandb\run-20230104_084034-24xe7rqf\files\wandb-summary.json wandb-summary.json
2023-01-04 08:40:49,491 INFO    SenderThread:29748 [sender.py:transition_state():463] send defer: 8
2023-01-04 08:40:49,493 DEBUG   HandlerThread:29748 [handler.py:handle_request():139] handle_request: defer
2023-01-04 08:40:49,493 INFO    HandlerThread:29748 [handler.py:handle_request_defer():162] handle defer: 8
2023-01-04 08:40:49,493 DEBUG   SenderThread:29748 [sender.py:send_request():317] send_request: defer
2023-01-04 08:40:49,493 INFO    SenderThread:29748 [sender.py:send_request_defer():459] handle sender defer: 8
2023-01-04 08:40:49,493 INFO    SenderThread:29748 [file_pusher.py:finish():168] shutting down file pusher
2023-01-04 08:40:50,075 INFO    Thread-41 :29748 [upload_job.py:push():143] Uploaded file C:\Users\jandr\Documents\Terran\Master thesis\EigenDRL\wandb\run-20230104_084034-24xe7rqf\files\requirements.txt
2023-01-04 08:40:50,121 INFO    Thread-39 :29748 [upload_job.py:push():143] Uploaded file C:\Users\jandr\Documents\Terran\Master thesis\EigenDRL\wandb\run-20230104_084034-24xe7rqf\files\config.yaml
2023-01-04 08:40:50,124 INFO    Thread-42 :29748 [upload_job.py:push():143] Uploaded file C:\Users\jandr\Documents\Terran\Master thesis\EigenDRL\wandb\run-20230104_084034-24xe7rqf\files\wandb-summary.json
2023-01-04 08:40:50,128 INFO    Thread-40 :29748 [upload_job.py:push():143] Uploaded file C:\Users\jandr\Documents\Terran\Master thesis\EigenDRL\wandb\run-20230104_084034-24xe7rqf\files\output.log
2023-01-04 08:40:50,330 INFO    Thread-16 :29748 [sender.py:transition_state():463] send defer: 9
2023-01-04 08:40:50,331 DEBUG   HandlerThread:29748 [handler.py:handle_request():139] handle_request: defer
2023-01-04 08:40:50,331 INFO    HandlerThread:29748 [handler.py:handle_request_defer():162] handle defer: 9
2023-01-04 08:40:50,331 DEBUG   SenderThread:29748 [sender.py:send_request():317] send_request: defer
2023-01-04 08:40:50,331 INFO    SenderThread:29748 [sender.py:send_request_defer():459] handle sender defer: 9
2023-01-04 08:40:50,331 INFO    SenderThread:29748 [file_pusher.py:join():173] waiting for file pusher
2023-01-04 08:40:50,331 INFO    SenderThread:29748 [sender.py:transition_state():463] send defer: 10
2023-01-04 08:40:50,331 DEBUG   HandlerThread:29748 [handler.py:handle_request():139] handle_request: defer
2023-01-04 08:40:50,332 INFO    HandlerThread:29748 [handler.py:handle_request_defer():162] handle defer: 10
2023-01-04 08:40:50,332 DEBUG   SenderThread:29748 [sender.py:send_request():317] send_request: defer
2023-01-04 08:40:50,332 INFO    SenderThread:29748 [sender.py:send_request_defer():459] handle sender defer: 10
2023-01-04 08:40:50,521 INFO    SenderThread:29748 [sender.py:transition_state():463] send defer: 11
2023-01-04 08:40:50,522 DEBUG   HandlerThread:29748 [handler.py:handle_request():139] handle_request: defer
2023-01-04 08:40:50,522 INFO    HandlerThread:29748 [handler.py:handle_request_defer():162] handle defer: 11
2023-01-04 08:40:50,522 DEBUG   SenderThread:29748 [sender.py:send_request():317] send_request: defer
2023-01-04 08:40:50,522 INFO    SenderThread:29748 [sender.py:send_request_defer():459] handle sender defer: 11
2023-01-04 08:40:50,522 INFO    SenderThread:29748 [sender.py:transition_state():463] send defer: 12
2023-01-04 08:40:50,522 DEBUG   SenderThread:29748 [sender.py:send():303] send: final
2023-01-04 08:40:50,523 DEBUG   SenderThread:29748 [sender.py:send():303] send: footer
2023-01-04 08:40:50,523 DEBUG   HandlerThread:29748 [handler.py:handle_request():139] handle_request: defer
2023-01-04 08:40:50,523 INFO    HandlerThread:29748 [handler.py:handle_request_defer():162] handle defer: 12
2023-01-04 08:40:50,523 DEBUG   SenderThread:29748 [sender.py:send_request():317] send_request: defer
2023-01-04 08:40:50,523 INFO    SenderThread:29748 [sender.py:send_request_defer():459] handle sender defer: 12
2023-01-04 08:40:50,524 DEBUG   HandlerThread:29748 [handler.py:handle_request():139] handle_request: poll_exit
2023-01-04 08:40:50,524 DEBUG   SenderThread:29748 [sender.py:send_request():317] send_request: poll_exit
2023-01-04 08:40:50,524 DEBUG   HandlerThread:29748 [handler.py:handle_request():139] handle_request: server_info
2023-01-04 08:40:50,524 DEBUG   SenderThread:29748 [sender.py:send_request():317] send_request: server_info
2023-01-04 08:40:50,524 DEBUG   HandlerThread:29748 [handler.py:handle_request():139] handle_request: get_summary
2023-01-04 08:40:50,526 DEBUG   HandlerThread:29748 [handler.py:handle_request():139] handle_request: sampled_history
2023-01-04 08:40:50,984 INFO    MainThread:29748 [wandb_run.py:_footer_history_summary_info():3408] rendering history
2023-01-04 08:40:50,985 INFO    MainThread:29748 [wandb_run.py:_footer_history_summary_info():3440] rendering summary
2023-01-04 08:40:50,985 INFO    MainThread:29748 [wandb_run.py:_footer_sync_info():3364] logging synced files
2023-01-04 08:40:50,986 DEBUG   HandlerThread:29748 [handler.py:handle_request():139] handle_request: shutdown
2023-01-04 08:40:50,986 INFO    HandlerThread:29748 [handler.py:finish():814] shutting down handler
2023-01-04 08:40:51,537 INFO    WriterThread:29748 [datastore.py:close():279] close: C:\Users\jandr\Documents\Terran\Master thesis\EigenDRL\wandb\run-20230104_084034-24xe7rqf\run-24xe7rqf.wandb
2023-01-04 08:40:51,985 INFO    SenderThread:29748 [sender.py:finish():1331] shutting down sender
2023-01-04 08:40:51,985 INFO    SenderThread:29748 [file_pusher.py:finish():168] shutting down file pusher
2023-01-04 08:40:51,985 INFO    SenderThread:29748 [file_pusher.py:join():173] waiting for file pusher
2023-01-04 08:40:52,056 INFO    MainThread:29748 [internal.py:handle_exit():77] Internal process exited
