2023-01-04 08:20:49,239 INFO    StreamThr :2816 [internal.py:wandb_internal():90] W&B internal server running at pid: 2816, started at: 2023-01-04 08:20:49.238486
2023-01-04 08:20:49,240 DEBUG   HandlerThread:2816 [handler.py:handle_request():139] handle_request: status
2023-01-04 08:20:49,243 DEBUG   SenderThread:2816 [sender.py:send_request():317] send_request: status
2023-01-04 08:20:49,244 DEBUG   SenderThread:2816 [sender.py:send():303] send: header
2023-01-04 08:20:49,244 INFO    WriterThread:2816 [datastore.py:open_for_write():75] open: C:\Users\jandr\Documents\Terran\Master thesis\EigenDRL\Tests\wandb\run-20230104_082049-1eonyndk\run-1eonyndk.wandb
2023-01-04 08:20:49,271 DEBUG   SenderThread:2816 [sender.py:send():303] send: run
2023-01-04 08:20:49,813 DEBUG   HandlerThread:2816 [handler.py:handle_request():139] handle_request: check_version
2023-01-04 08:20:49,820 INFO    SenderThread:2816 [dir_watcher.py:__init__():216] watching files in: C:\Users\jandr\Documents\Terran\Master thesis\EigenDRL\Tests\wandb\run-20230104_082049-1eonyndk\files
2023-01-04 08:20:49,820 INFO    SenderThread:2816 [sender.py:_start_run_threads():931] run started: 1eonyndk with start time 1672816849.235903
2023-01-04 08:20:49,820 DEBUG   SenderThread:2816 [sender.py:send():303] send: summary
2023-01-04 08:20:49,821 INFO    SenderThread:2816 [sender.py:_save_file():1171] saving file wandb-summary.json with policy end
2023-01-04 08:20:49,821 DEBUG   SenderThread:2816 [sender.py:send_request():317] send_request: check_version
2023-01-04 08:20:49,937 DEBUG   HandlerThread:2816 [handler.py:handle_request():139] handle_request: run_start
2023-01-04 08:20:50,563 DEBUG   HandlerThread:2816 [system_info.py:__init__():31] System info init
2023-01-04 08:20:50,563 DEBUG   HandlerThread:2816 [system_info.py:__init__():46] System info init done
2023-01-04 08:20:50,564 INFO    HandlerThread:2816 [system_monitor.py:start():150] Starting system monitor
2023-01-04 08:20:50,564 INFO    SystemMonitor:2816 [system_monitor.py:_start():116] Starting system asset monitoring threads
2023-01-04 08:20:50,564 INFO    HandlerThread:2816 [system_monitor.py:probe():171] Collecting system info
2023-01-04 08:20:50,570 INFO    SystemMonitor:2816 [interfaces.py:start():168] Started cpu
2023-01-04 08:20:50,571 INFO    SystemMonitor:2816 [interfaces.py:start():168] Started disk
2023-01-04 08:20:50,571 INFO    SystemMonitor:2816 [interfaces.py:start():168] Started gpu
2023-01-04 08:20:50,571 INFO    SystemMonitor:2816 [interfaces.py:start():168] Started memory
2023-01-04 08:20:50,590 INFO    SystemMonitor:2816 [interfaces.py:start():168] Started network
2023-01-04 08:20:50,599 DEBUG   HandlerThread:2816 [system_info.py:probe():195] Probing system
2023-01-04 08:20:50,600 DEBUG   HandlerThread:2816 [system_info.py:_probe_git():180] Probing git
2023-01-04 08:20:50,670 DEBUG   HandlerThread:2816 [system_info.py:_probe_git():188] Probing git done
2023-01-04 08:20:50,671 DEBUG   HandlerThread:2816 [system_info.py:probe():241] Probing system done
2023-01-04 08:20:50,671 DEBUG   HandlerThread:2816 [system_monitor.py:probe():180] {'os': 'Windows-10-10.0.22000-SP0', 'python': '3.7.15', 'heartbeatAt': '2023-01-04T07:20:50.599391', 'startedAt': '2023-01-04T07:20:49.222404', 'docker': None, 'cuda': None, 'args': ('--algo', 'tqc', '--env', 'TestEnvironment-v1', '--progress', '--conf-file', '.\\hyperparams\\tqc.yml', '--eval-freq', '200', '--track', '--wandb-project-name', 'EigenHunt', '--device', 'cuda', '--vec-env', 'dummy', '--tensorboard-log', '/tmp/stable-baselines/', '--env-kwargs', 'render:True'), 'state': 'running', 'program': 'C:\\Users\\jandr\\anaconda3\\envs\\dlr\\Scripts\\rl_zoo3-script.py', 'codePath': '..\\..\\..\\..\\anaconda3\\envs\\dlr\\Scripts\\rl_zoo3-script.py', 'git': {'remote': 'https://github.com/coin15/EigenDRL.git', 'commit': '7e3ddf25ab860b5163e230bdbdbf4a5cccc58a66'}, 'email': 'ge56ruj@mytum.de', 'root': 'C:/Users/jandr/Documents/Terran/Master thesis/EigenDRL', 'host': 'LAPTOP-N6EUVKRH', 'username': 'jandr', 'executable': 'C:\\Users\\jandr\\anaconda3\\envs\\dlr\\python.exe', 'cpu_count': 8, 'cpu_count_logical': 16, 'cpu_freq': {'current': 2652.0, 'min': 0.0, 'max': 3301.0}, 'cpu_freq_per_core': [{'current': 2652.0, 'min': 0.0, 'max': 3301.0}], 'disk': {'total': 455.5081214904785, 'used': 423.12763595581055}, 'gpu': 'NVIDIA GeForce RTX 3060 Laptop GPU', 'gpu_count': 1, 'gpu_devices': [{'name': 'NVIDIA GeForce RTX 3060 Laptop GPU', 'memory_total': 6442450944}], 'memory': {'total': 15.422203063964844}}
2023-01-04 08:20:50,671 INFO    HandlerThread:2816 [system_monitor.py:probe():181] Finished collecting system info
2023-01-04 08:20:50,671 INFO    HandlerThread:2816 [system_monitor.py:probe():184] Publishing system info
2023-01-04 08:20:50,671 DEBUG   HandlerThread:2816 [system_info.py:_save_pip():52] Saving list of pip packages installed into the current environment
2023-01-04 08:20:50,672 DEBUG   HandlerThread:2816 [system_info.py:_save_pip():67] Saving pip packages done
2023-01-04 08:20:50,672 DEBUG   HandlerThread:2816 [system_info.py:_save_conda():75] Saving list of conda packages installed into the current environment
2023-01-04 08:20:50,674 ERROR   HandlerThread:2816 [system_info.py:_save_conda():85] Error saving conda packages: [WinError 2] The system cannot find the file specified
Traceback (most recent call last):
  File "C:\Users\jandr\anaconda3\envs\dlr\lib\site-packages\wandb\sdk\internal\system\system_info.py", line 82, in _save_conda
    ["conda", "env", "export"], stdout=f, stderr=subprocess.DEVNULL
  File "C:\Users\jandr\anaconda3\envs\dlr\lib\subprocess.py", line 339, in call
    with Popen(*popenargs, **kwargs) as p:
  File "C:\Users\jandr\anaconda3\envs\dlr\lib\subprocess.py", line 800, in __init__
    restore_signals, start_new_session)
  File "C:\Users\jandr\anaconda3\envs\dlr\lib\subprocess.py", line 1207, in _execute_child
    startupinfo)
FileNotFoundError: [WinError 2] The system cannot find the file specified
2023-01-04 08:20:50,676 DEBUG   HandlerThread:2816 [system_info.py:_save_conda():86] Saving conda packages done
2023-01-04 08:20:50,676 DEBUG   HandlerThread:2816 [system_info.py:_save_code():89] Saving code
2023-01-04 08:20:50,709 DEBUG   HandlerThread:2816 [system_info.py:_save_code():110] Saving code done
2023-01-04 08:20:50,709 DEBUG   HandlerThread:2816 [system_info.py:_save_patches():127] Saving git patches
2023-01-04 08:20:50,826 INFO    Thread-17 :2816 [dir_watcher.py:_on_file_created():275] file/dir created: C:\Users\jandr\Documents\Terran\Master thesis\EigenDRL\Tests\wandb\run-20230104_082049-1eonyndk\files\wandb-summary.json
2023-01-04 08:20:50,827 INFO    Thread-17 :2816 [dir_watcher.py:_on_file_created():275] file/dir created: C:\Users\jandr\Documents\Terran\Master thesis\EigenDRL\Tests\wandb\run-20230104_082049-1eonyndk\files\conda-environment.yaml
2023-01-04 08:20:50,827 INFO    Thread-17 :2816 [dir_watcher.py:_on_file_created():275] file/dir created: C:\Users\jandr\Documents\Terran\Master thesis\EigenDRL\Tests\wandb\run-20230104_082049-1eonyndk\files\requirements.txt
2023-01-04 08:20:51,035 DEBUG   HandlerThread:2816 [system_info.py:_save_patches():169] Saving git patches done
2023-01-04 08:20:51,036 INFO    HandlerThread:2816 [system_monitor.py:probe():186] Finished publishing system info
2023-01-04 08:20:51,076 DEBUG   SenderThread:2816 [sender.py:send():303] send: files
2023-01-04 08:20:51,076 INFO    SenderThread:2816 [sender.py:_save_file():1171] saving file wandb-metadata.json with policy now
2023-01-04 08:20:51,077 INFO    SenderThread:2816 [sender.py:_save_file():1171] saving file code\..\..\..\..\anaconda3\envs\dlr\Scripts\rl_zoo3-script.py with policy now
2023-01-04 08:20:51,077 INFO    SenderThread:2816 [sender.py:_save_file():1171] saving file diff.patch with policy now
2023-01-04 08:20:51,083 DEBUG   HandlerThread:2816 [handler.py:handle_request():139] handle_request: stop_status
2023-01-04 08:20:51,085 DEBUG   SenderThread:2816 [sender.py:send_request():317] send_request: stop_status
2023-01-04 08:20:51,307 DEBUG   SenderThread:2816 [sender.py:send():303] send: telemetry
2023-01-04 08:20:51,309 DEBUG   SenderThread:2816 [sender.py:send():303] send: exit
2023-01-04 08:20:51,310 INFO    SenderThread:2816 [sender.py:send_exit():442] handling exit code: 1
2023-01-04 08:20:51,310 INFO    SenderThread:2816 [sender.py:send_exit():444] handling runtime: 1
2023-01-04 08:20:51,310 INFO    SenderThread:2816 [sender.py:_save_file():1171] saving file wandb-summary.json with policy end
2023-01-04 08:20:51,311 INFO    SenderThread:2816 [sender.py:send_exit():450] send defer
2023-01-04 08:20:51,311 DEBUG   HandlerThread:2816 [handler.py:handle_request():139] handle_request: defer
2023-01-04 08:20:51,311 INFO    HandlerThread:2816 [handler.py:handle_request_defer():162] handle defer: 0
2023-01-04 08:20:51,311 DEBUG   SenderThread:2816 [sender.py:send_request():317] send_request: defer
2023-01-04 08:20:51,311 INFO    SenderThread:2816 [sender.py:send_request_defer():459] handle sender defer: 0
2023-01-04 08:20:51,311 INFO    SenderThread:2816 [sender.py:transition_state():463] send defer: 1
2023-01-04 08:20:51,312 DEBUG   HandlerThread:2816 [handler.py:handle_request():139] handle_request: defer
2023-01-04 08:20:51,312 INFO    HandlerThread:2816 [handler.py:handle_request_defer():162] handle defer: 1
2023-01-04 08:20:51,312 INFO    HandlerThread:2816 [system_monitor.py:finish():160] Stopping system monitor
2023-01-04 08:20:51,312 DEBUG   SystemMonitor:2816 [system_monitor.py:_start():130] Starting system metrics aggregation loop
2023-01-04 08:20:51,312 DEBUG   SystemMonitor:2816 [system_monitor.py:_start():137] Finished system metrics aggregation loop
2023-01-04 08:20:51,312 DEBUG   SystemMonitor:2816 [system_monitor.py:_start():141] Publishing last batch of metrics
2023-01-04 08:20:51,313 INFO    HandlerThread:2816 [interfaces.py:finish():175] Joined cpu
2023-01-04 08:20:51,313 INFO    HandlerThread:2816 [interfaces.py:finish():175] Joined disk
2023-01-04 08:20:51,534 ERROR   Thread-35 :2816 [internal_api.py:upload_file():1924] upload_file exception https://storage.googleapis.com/wandb-production.appspot.com/tum-adlr-ss22-02/EigenHunt/1eonyndk/../../../anaconda3/envs/dlr/Scripts/rl_zoo3-script.py?Expires=1672903249&GoogleAccessId=wandb-production%40appspot.gserviceaccount.com&Signature=TaYPaWDCE6Lxjfs17ZHqnv1auQ901LyoQrk6ssQKQohdJNwXSn07ub9enHBIaZb5gXAO%2FHkdCOvUFV0tEFvW8rKGGCiu0z4%2BRQtj6i%2FzIhqTH%2BH0bbhzykfJVvB%2FsRJf7Y5lwPk6oRhjiYh8gs72rL%2BOdVrjYMfIvL9QbS0FN8c2Rn5Xp3sOtjbupHo%2B8G3ScxG3RV844IT3m8PNGDb%2Bh%2BuOxNd%2F%2FsGRm%2Bvv2V7IacYTfUvne927n%2B35NNLs%2FSS156%2BBdlr6P5MOzS1JDi1TlsKTmrxnVEtg8Mj0VetJnpP3M9QzSyBoUZNoLWJlhwcB7xKEL2cWPSBa2ITQ%2BIdwZA%3D%3D: 403 Client Error: Forbidden for url: https://storage.googleapis.com/wandb-production.appspot.com/anaconda3/envs/dlr/Scripts/rl_zoo3-script.py?Expires=1672903249&GoogleAccessId=wandb-production%40appspot.gserviceaccount.com&Signature=TaYPaWDCE6Lxjfs17ZHqnv1auQ901LyoQrk6ssQKQohdJNwXSn07ub9enHBIaZb5gXAO%2FHkdCOvUFV0tEFvW8rKGGCiu0z4%2BRQtj6i%2FzIhqTH%2BH0bbhzykfJVvB%2FsRJf7Y5lwPk6oRhjiYh8gs72rL%2BOdVrjYMfIvL9QbS0FN8c2Rn5Xp3sOtjbupHo%2B8G3ScxG3RV844IT3m8PNGDb%2Bh%2BuOxNd%2F%2FsGRm%2Bvv2V7IacYTfUvne927n%2B35NNLs%2FSS156%2BBdlr6P5MOzS1JDi1TlsKTmrxnVEtg8Mj0VetJnpP3M9QzSyBoUZNoLWJlhwcB7xKEL2cWPSBa2ITQ%2BIdwZA%3D%3D
2023-01-04 08:20:51,534 ERROR   Thread-35 :2816 [internal_api.py:upload_file():1926] upload_file request headers: {'User-Agent': 'python-requests/2.28.1', 'Accept-Encoding': 'gzip, deflate', 'Accept': '*/*', 'Connection': 'keep-alive', 'Content-Length': '998'}
2023-01-04 08:20:51,534 ERROR   Thread-35 :2816 [internal_api.py:upload_file():1928] upload_file response body: b"<?xml version='1.0' encoding='UTF-8'?><Error><Code>SignatureDoesNotMatch</Code><Message>The request signature we calculated does not match the signature you provided. Check your Google secret key and signing method.</Message><StringToSign>PUT\n\n\n1672903249\n/wandb-production.appspot.com/anaconda3/envs/dlr/Scripts/rl_zoo3-script.py</StringToSign></Error>"
2023-01-04 08:20:51,538 ERROR   Thread-35 :2816 [upload_job.py:push():146] Failed to upload file: C:\Users\jandr\AppData\Local\Temp\tmp5i7xwctjwandb\1nsaox14-../../../anaconda3/envs/dlr/Scripts/rl_zoo3-script.py
Traceback (most recent call last):
  File "C:\Users\jandr\anaconda3\envs\dlr\lib\site-packages\wandb\apis\normalize.py", line 26, in wrapper
    return func(*args, **kwargs)
  File "C:\Users\jandr\anaconda3\envs\dlr\lib\site-packages\wandb\sdk\lib\retry.py", line 190, in wrapped_fn
    return retrier(*args, **kargs)
  File "C:\Users\jandr\anaconda3\envs\dlr\lib\site-packages\wandb\sdk\lib\retry.py", line 113, in __call__
    result = self._call_fn(*args, **kwargs)
  File "C:\Users\jandr\anaconda3\envs\dlr\lib\site-packages\wandb\sdk\internal\internal_api.py", line 1950, in upload_file
    util.sentry_reraise(e)
  File "C:\Users\jandr\anaconda3\envs\dlr\lib\site-packages\wandb\util.py", line 222, in sentry_reraise
    raise exc.with_traceback(sys.exc_info()[2])
  File "C:\Users\jandr\anaconda3\envs\dlr\lib\site-packages\wandb\sdk\internal\internal_api.py", line 1922, in upload_file
    response.raise_for_status()
  File "C:\Users\jandr\anaconda3\envs\dlr\lib\site-packages\requests\models.py", line 1021, in raise_for_status
    raise HTTPError(http_error_msg, response=self)
requests.exceptions.HTTPError: 403 Client Error: Forbidden for url: https://storage.googleapis.com/wandb-production.appspot.com/anaconda3/envs/dlr/Scripts/rl_zoo3-script.py?Expires=1672903249&GoogleAccessId=wandb-production%40appspot.gserviceaccount.com&Signature=TaYPaWDCE6Lxjfs17ZHqnv1auQ901LyoQrk6ssQKQohdJNwXSn07ub9enHBIaZb5gXAO%2FHkdCOvUFV0tEFvW8rKGGCiu0z4%2BRQtj6i%2FzIhqTH%2BH0bbhzykfJVvB%2FsRJf7Y5lwPk6oRhjiYh8gs72rL%2BOdVrjYMfIvL9QbS0FN8c2Rn5Xp3sOtjbupHo%2B8G3ScxG3RV844IT3m8PNGDb%2Bh%2BuOxNd%2F%2FsGRm%2Bvv2V7IacYTfUvne927n%2B35NNLs%2FSS156%2BBdlr6P5MOzS1JDi1TlsKTmrxnVEtg8Mj0VetJnpP3M9QzSyBoUZNoLWJlhwcB7xKEL2cWPSBa2ITQ%2BIdwZA%3D%3D

During handling of the above exception, another exception occurred:

Traceback (most recent call last):
  File "C:\Users\jandr\anaconda3\envs\dlr\lib\site-packages\wandb\filesync\upload_job.py", line 141, in push
    extra_headers=extra_headers,
  File "C:\Users\jandr\anaconda3\envs\dlr\lib\site-packages\wandb\apis\normalize.py", line 28, in wrapper
    raise CommError(err.response, err)
wandb.errors.CommError: <Response [403]>
2023-01-04 08:20:51,744 INFO    Thread-34 :2816 [upload_job.py:push():143] Uploaded file C:\Users\jandr\AppData\Local\Temp\tmp5i7xwctjwandb\rbztn8vd-wandb-metadata.json
2023-01-04 08:20:51,754 INFO    Thread-36 :2816 [upload_job.py:push():143] Uploaded file C:\Users\jandr\AppData\Local\Temp\tmp5i7xwctjwandb\584r488t-diff.patch
2023-01-04 08:20:51,852 INFO    HandlerThread:2816 [interfaces.py:finish():175] Joined gpu
2023-01-04 08:20:51,852 INFO    HandlerThread:2816 [interfaces.py:finish():175] Joined memory
2023-01-04 08:20:51,852 INFO    HandlerThread:2816 [interfaces.py:finish():175] Joined network
2023-01-04 08:20:51,852 DEBUG   SenderThread:2816 [sender.py:send_request():317] send_request: defer
2023-01-04 08:20:51,852 INFO    SenderThread:2816 [sender.py:send_request_defer():459] handle sender defer: 1
2023-01-04 08:20:51,852 INFO    SenderThread:2816 [sender.py:transition_state():463] send defer: 2
2023-01-04 08:20:51,853 INFO    Thread-17 :2816 [dir_watcher.py:_on_file_modified():292] file/dir modified: C:\Users\jandr\Documents\Terran\Master thesis\EigenDRL\Tests\wandb\run-20230104_082049-1eonyndk\files\wandb-summary.json
2023-01-04 08:20:51,853 DEBUG   SenderThread:2816 [sender.py:send():303] send: stats
2023-01-04 08:20:51,853 INFO    Thread-17 :2816 [dir_watcher.py:_on_file_created():275] file/dir created: C:\Users\jandr\Documents\Terran\Master thesis\EigenDRL\Tests\wandb\run-20230104_082049-1eonyndk\files\output.log
2023-01-04 08:20:51,853 DEBUG   HandlerThread:2816 [handler.py:handle_request():139] handle_request: defer
2023-01-04 08:20:51,854 INFO    HandlerThread:2816 [handler.py:handle_request_defer():162] handle defer: 2
2023-01-04 08:20:51,854 INFO    Thread-17 :2816 [dir_watcher.py:_on_file_created():275] file/dir created: C:\Users\jandr\Documents\Terran\Master thesis\EigenDRL\Tests\wandb\run-20230104_082049-1eonyndk\files\wandb-metadata.json
2023-01-04 08:20:51,855 DEBUG   SenderThread:2816 [sender.py:send_request():317] send_request: defer
2023-01-04 08:20:51,855 INFO    Thread-17 :2816 [dir_watcher.py:_on_file_created():275] file/dir created: C:\Users\jandr\Documents\Terran\Master thesis\EigenDRL\Tests\wandb\run-20230104_082049-1eonyndk\files\diff.patch
2023-01-04 08:20:51,855 INFO    SenderThread:2816 [sender.py:send_request_defer():459] handle sender defer: 2
2023-01-04 08:20:51,855 INFO    SenderThread:2816 [sender.py:transition_state():463] send defer: 3
2023-01-04 08:20:51,856 DEBUG   HandlerThread:2816 [handler.py:handle_request():139] handle_request: defer
2023-01-04 08:20:51,856 INFO    HandlerThread:2816 [handler.py:handle_request_defer():162] handle defer: 3
2023-01-04 08:20:51,856 DEBUG   SenderThread:2816 [sender.py:send_request():317] send_request: defer
2023-01-04 08:20:51,856 INFO    SenderThread:2816 [sender.py:send_request_defer():459] handle sender defer: 3
2023-01-04 08:20:51,856 INFO    SenderThread:2816 [sender.py:transition_state():463] send defer: 4
2023-01-04 08:20:51,856 DEBUG   HandlerThread:2816 [handler.py:handle_request():139] handle_request: defer
2023-01-04 08:20:51,856 INFO    HandlerThread:2816 [handler.py:handle_request_defer():162] handle defer: 4
2023-01-04 08:20:51,856 DEBUG   SenderThread:2816 [sender.py:send():303] send: summary
2023-01-04 08:20:51,857 INFO    SenderThread:2816 [sender.py:_save_file():1171] saving file wandb-summary.json with policy end
2023-01-04 08:20:51,857 DEBUG   SenderThread:2816 [sender.py:send_request():317] send_request: defer
2023-01-04 08:20:51,857 INFO    SenderThread:2816 [sender.py:send_request_defer():459] handle sender defer: 4
2023-01-04 08:20:51,857 INFO    SenderThread:2816 [sender.py:transition_state():463] send defer: 5
2023-01-04 08:20:51,858 DEBUG   HandlerThread:2816 [handler.py:handle_request():139] handle_request: defer
2023-01-04 08:20:51,858 INFO    HandlerThread:2816 [handler.py:handle_request_defer():162] handle defer: 5
2023-01-04 08:20:51,858 DEBUG   SenderThread:2816 [sender.py:send_request():317] send_request: defer
2023-01-04 08:20:51,858 INFO    SenderThread:2816 [sender.py:send_request_defer():459] handle sender defer: 5
2023-01-04 08:20:52,095 DEBUG   HandlerThread:2816 [handler.py:handle_request():139] handle_request: poll_exit
2023-01-04 08:20:52,148 INFO    SenderThread:2816 [sender.py:transition_state():463] send defer: 6
2023-01-04 08:20:52,149 DEBUG   SenderThread:2816 [sender.py:send_request():317] send_request: poll_exit
2023-01-04 08:20:52,149 DEBUG   HandlerThread:2816 [handler.py:handle_request():139] handle_request: defer
2023-01-04 08:20:52,149 INFO    HandlerThread:2816 [handler.py:handle_request_defer():162] handle defer: 6
2023-01-04 08:20:52,149 DEBUG   SenderThread:2816 [sender.py:send_request():317] send_request: defer
2023-01-04 08:20:52,149 INFO    SenderThread:2816 [sender.py:send_request_defer():459] handle sender defer: 6
2023-01-04 08:20:52,855 INFO    Thread-17 :2816 [dir_watcher.py:_on_file_modified():292] file/dir modified: C:\Users\jandr\Documents\Terran\Master thesis\EigenDRL\Tests\wandb\run-20230104_082049-1eonyndk\files\config.yaml
2023-01-04 08:20:52,855 INFO    Thread-17 :2816 [dir_watcher.py:_on_file_modified():292] file/dir modified: C:\Users\jandr\Documents\Terran\Master thesis\EigenDRL\Tests\wandb\run-20230104_082049-1eonyndk\files\wandb-summary.json
2023-01-04 08:20:53,102 DEBUG   HandlerThread:2816 [handler.py:handle_request():139] handle_request: poll_exit
2023-01-04 08:20:53,861 INFO    Thread-17 :2816 [dir_watcher.py:_on_file_modified():292] file/dir modified: C:\Users\jandr\Documents\Terran\Master thesis\EigenDRL\Tests\wandb\run-20230104_082049-1eonyndk\files\output.log
2023-01-04 08:20:55,333 INFO    SenderThread:2816 [sender.py:transition_state():463] send defer: 7
2023-01-04 08:20:55,333 DEBUG   SenderThread:2816 [sender.py:send_request():317] send_request: poll_exit
2023-01-04 08:20:55,334 DEBUG   HandlerThread:2816 [handler.py:handle_request():139] handle_request: defer
2023-01-04 08:20:55,334 INFO    HandlerThread:2816 [handler.py:handle_request_defer():162] handle defer: 7
2023-01-04 08:20:55,334 DEBUG   SenderThread:2816 [sender.py:send_request():317] send_request: defer
2023-01-04 08:20:55,334 INFO    SenderThread:2816 [sender.py:send_request_defer():459] handle sender defer: 7
2023-01-04 08:20:55,334 INFO    SenderThread:2816 [dir_watcher.py:finish():362] shutting down directory watcher
2023-01-04 08:20:55,875 INFO    SenderThread:2816 [dir_watcher.py:_on_file_modified():292] file/dir modified: C:\Users\jandr\Documents\Terran\Master thesis\EigenDRL\Tests\wandb\run-20230104_082049-1eonyndk\files\output.log
2023-01-04 08:20:55,875 INFO    SenderThread:2816 [dir_watcher.py:finish():392] scan: C:\Users\jandr\Documents\Terran\Master thesis\EigenDRL\Tests\wandb\run-20230104_082049-1eonyndk\files
2023-01-04 08:20:55,876 INFO    SenderThread:2816 [dir_watcher.py:finish():406] scan save: C:\Users\jandr\Documents\Terran\Master thesis\EigenDRL\Tests\wandb\run-20230104_082049-1eonyndk\files\conda-environment.yaml conda-environment.yaml
2023-01-04 08:20:55,876 INFO    SenderThread:2816 [dir_watcher.py:finish():406] scan save: C:\Users\jandr\Documents\Terran\Master thesis\EigenDRL\Tests\wandb\run-20230104_082049-1eonyndk\files\config.yaml config.yaml
2023-01-04 08:20:55,876 INFO    SenderThread:2816 [dir_watcher.py:finish():406] scan save: C:\Users\jandr\Documents\Terran\Master thesis\EigenDRL\Tests\wandb\run-20230104_082049-1eonyndk\files\diff.patch diff.patch
2023-01-04 08:20:55,876 INFO    SenderThread:2816 [dir_watcher.py:finish():406] scan save: C:\Users\jandr\Documents\Terran\Master thesis\EigenDRL\Tests\wandb\run-20230104_082049-1eonyndk\files\output.log output.log
2023-01-04 08:20:55,879 INFO    SenderThread:2816 [dir_watcher.py:finish():406] scan save: C:\Users\jandr\Documents\Terran\Master thesis\EigenDRL\Tests\wandb\run-20230104_082049-1eonyndk\files\requirements.txt requirements.txt
2023-01-04 08:20:55,881 INFO    SenderThread:2816 [dir_watcher.py:finish():406] scan save: C:\Users\jandr\Documents\Terran\Master thesis\EigenDRL\Tests\wandb\run-20230104_082049-1eonyndk\files\wandb-metadata.json wandb-metadata.json
2023-01-04 08:20:55,881 INFO    SenderThread:2816 [dir_watcher.py:finish():406] scan save: C:\Users\jandr\Documents\Terran\Master thesis\EigenDRL\Tests\wandb\run-20230104_082049-1eonyndk\files\wandb-summary.json wandb-summary.json
2023-01-04 08:20:55,884 INFO    SenderThread:2816 [sender.py:transition_state():463] send defer: 8
2023-01-04 08:20:55,886 DEBUG   HandlerThread:2816 [handler.py:handle_request():139] handle_request: defer
2023-01-04 08:20:55,886 INFO    HandlerThread:2816 [handler.py:handle_request_defer():162] handle defer: 8
2023-01-04 08:20:55,886 DEBUG   SenderThread:2816 [sender.py:send_request():317] send_request: defer
2023-01-04 08:20:55,887 INFO    SenderThread:2816 [sender.py:send_request_defer():459] handle sender defer: 8
2023-01-04 08:20:55,887 INFO    SenderThread:2816 [file_pusher.py:finish():168] shutting down file pusher
2023-01-04 08:20:56,504 INFO    Thread-37 :2816 [upload_job.py:push():143] Uploaded file C:\Users\jandr\Documents\Terran\Master thesis\EigenDRL\Tests\wandb\run-20230104_082049-1eonyndk\files\config.yaml
2023-01-04 08:20:56,530 INFO    Thread-39 :2816 [upload_job.py:push():143] Uploaded file C:\Users\jandr\Documents\Terran\Master thesis\EigenDRL\Tests\wandb\run-20230104_082049-1eonyndk\files\requirements.txt
2023-01-04 08:20:56,530 INFO    Thread-38 :2816 [upload_job.py:push():143] Uploaded file C:\Users\jandr\Documents\Terran\Master thesis\EigenDRL\Tests\wandb\run-20230104_082049-1eonyndk\files\output.log
2023-01-04 08:20:56,530 INFO    Thread-40 :2816 [upload_job.py:push():143] Uploaded file C:\Users\jandr\Documents\Terran\Master thesis\EigenDRL\Tests\wandb\run-20230104_082049-1eonyndk\files\wandb-summary.json
2023-01-04 08:20:56,739 INFO    Thread-16 :2816 [sender.py:transition_state():463] send defer: 9
2023-01-04 08:20:56,740 DEBUG   HandlerThread:2816 [handler.py:handle_request():139] handle_request: defer
2023-01-04 08:20:56,740 INFO    HandlerThread:2816 [handler.py:handle_request_defer():162] handle defer: 9
2023-01-04 08:20:56,740 DEBUG   SenderThread:2816 [sender.py:send_request():317] send_request: defer
2023-01-04 08:20:56,740 INFO    SenderThread:2816 [sender.py:send_request_defer():459] handle sender defer: 9
2023-01-04 08:20:56,740 INFO    SenderThread:2816 [file_pusher.py:join():173] waiting for file pusher
2023-01-04 08:20:56,740 INFO    SenderThread:2816 [sender.py:transition_state():463] send defer: 10
2023-01-04 08:20:56,740 DEBUG   HandlerThread:2816 [handler.py:handle_request():139] handle_request: defer
2023-01-04 08:20:56,740 INFO    HandlerThread:2816 [handler.py:handle_request_defer():162] handle defer: 10
2023-01-04 08:20:56,741 DEBUG   SenderThread:2816 [sender.py:send_request():317] send_request: defer
2023-01-04 08:20:56,741 INFO    SenderThread:2816 [sender.py:send_request_defer():459] handle sender defer: 10
2023-01-04 08:20:56,929 INFO    SenderThread:2816 [sender.py:transition_state():463] send defer: 11
2023-01-04 08:20:56,929 DEBUG   HandlerThread:2816 [handler.py:handle_request():139] handle_request: defer
2023-01-04 08:20:56,930 INFO    HandlerThread:2816 [handler.py:handle_request_defer():162] handle defer: 11
2023-01-04 08:20:56,930 DEBUG   SenderThread:2816 [sender.py:send_request():317] send_request: defer
2023-01-04 08:20:56,930 INFO    SenderThread:2816 [sender.py:send_request_defer():459] handle sender defer: 11
2023-01-04 08:20:56,930 INFO    SenderThread:2816 [sender.py:transition_state():463] send defer: 12
2023-01-04 08:20:56,930 DEBUG   HandlerThread:2816 [handler.py:handle_request():139] handle_request: defer
2023-01-04 08:20:56,931 DEBUG   SenderThread:2816 [sender.py:send():303] send: final
2023-01-04 08:20:56,931 INFO    HandlerThread:2816 [handler.py:handle_request_defer():162] handle defer: 12
2023-01-04 08:20:56,931 DEBUG   SenderThread:2816 [sender.py:send():303] send: footer
2023-01-04 08:20:56,931 DEBUG   SenderThread:2816 [sender.py:send_request():317] send_request: defer
2023-01-04 08:20:56,931 INFO    SenderThread:2816 [sender.py:send_request_defer():459] handle sender defer: 12
2023-01-04 08:20:56,932 DEBUG   HandlerThread:2816 [handler.py:handle_request():139] handle_request: poll_exit
2023-01-04 08:20:56,932 DEBUG   SenderThread:2816 [sender.py:send_request():317] send_request: poll_exit
2023-01-04 08:20:56,932 DEBUG   HandlerThread:2816 [handler.py:handle_request():139] handle_request: server_info
2023-01-04 08:20:56,932 DEBUG   SenderThread:2816 [sender.py:send_request():317] send_request: server_info
2023-01-04 08:20:56,934 DEBUG   HandlerThread:2816 [handler.py:handle_request():139] handle_request: get_summary
2023-01-04 08:20:56,934 DEBUG   HandlerThread:2816 [handler.py:handle_request():139] handle_request: sampled_history
2023-01-04 08:20:57,450 INFO    MainThread:2816 [wandb_run.py:_footer_history_summary_info():3408] rendering history
2023-01-04 08:20:57,451 INFO    MainThread:2816 [wandb_run.py:_footer_history_summary_info():3440] rendering summary
2023-01-04 08:20:57,451 INFO    MainThread:2816 [wandb_run.py:_footer_sync_info():3364] logging synced files
2023-01-04 08:20:57,451 DEBUG   HandlerThread:2816 [handler.py:handle_request():139] handle_request: shutdown
2023-01-04 08:20:57,451 INFO    HandlerThread:2816 [handler.py:finish():814] shutting down handler
2023-01-04 08:20:57,944 INFO    WriterThread:2816 [datastore.py:close():279] close: C:\Users\jandr\Documents\Terran\Master thesis\EigenDRL\Tests\wandb\run-20230104_082049-1eonyndk\run-1eonyndk.wandb
2023-01-04 08:20:58,454 INFO    SenderThread:2816 [sender.py:finish():1331] shutting down sender
2023-01-04 08:20:58,454 INFO    SenderThread:2816 [file_pusher.py:finish():168] shutting down file pusher
2023-01-04 08:20:58,454 INFO    SenderThread:2816 [file_pusher.py:join():173] waiting for file pusher
2023-01-04 08:20:58,526 INFO    MainThread:2816 [internal.py:handle_exit():77] Internal process exited
