2023-01-04 08:21:15,983 INFO    StreamThr :20780 [internal.py:wandb_internal():90] W&B internal server running at pid: 20780, started at: 2023-01-04 08:21:15.982511
2023-01-04 08:21:15,984 DEBUG   HandlerThread:20780 [handler.py:handle_request():139] handle_request: status
2023-01-04 08:21:15,986 DEBUG   SenderThread:20780 [sender.py:send_request():317] send_request: status
2023-01-04 08:21:15,987 DEBUG   SenderThread:20780 [sender.py:send():303] send: header
2023-01-04 08:21:15,987 INFO    WriterThread:20780 [datastore.py:open_for_write():75] open: C:\Users\jandr\Documents\Terran\Master thesis\EigenDRL\wandb\run-20230104_082115-itk8dhr9\run-itk8dhr9.wandb
2023-01-04 08:21:16,017 DEBUG   SenderThread:20780 [sender.py:send():303] send: run
2023-01-04 08:21:16,518 DEBUG   HandlerThread:20780 [handler.py:handle_request():139] handle_request: check_version
2023-01-04 08:21:16,521 INFO    SenderThread:20780 [dir_watcher.py:__init__():216] watching files in: C:\Users\jandr\Documents\Terran\Master thesis\EigenDRL\wandb\run-20230104_082115-itk8dhr9\files
2023-01-04 08:21:16,521 INFO    SenderThread:20780 [sender.py:_start_run_threads():931] run started: itk8dhr9 with start time 1672816875.981011
2023-01-04 08:21:16,522 DEBUG   SenderThread:20780 [sender.py:send():303] send: summary
2023-01-04 08:21:16,522 INFO    SenderThread:20780 [sender.py:_save_file():1171] saving file wandb-summary.json with policy end
2023-01-04 08:21:16,522 DEBUG   SenderThread:20780 [sender.py:send_request():317] send_request: check_version
2023-01-04 08:21:16,656 DEBUG   HandlerThread:20780 [handler.py:handle_request():139] handle_request: run_start
2023-01-04 08:21:17,252 DEBUG   HandlerThread:20780 [system_info.py:__init__():31] System info init
2023-01-04 08:21:17,253 DEBUG   HandlerThread:20780 [system_info.py:__init__():46] System info init done
2023-01-04 08:21:17,253 INFO    HandlerThread:20780 [system_monitor.py:start():150] Starting system monitor
2023-01-04 08:21:17,253 INFO    SystemMonitor:20780 [system_monitor.py:_start():116] Starting system asset monitoring threads
2023-01-04 08:21:17,253 INFO    HandlerThread:20780 [system_monitor.py:probe():171] Collecting system info
2023-01-04 08:21:17,259 INFO    SystemMonitor:20780 [interfaces.py:start():168] Started cpu
2023-01-04 08:21:17,260 INFO    SystemMonitor:20780 [interfaces.py:start():168] Started disk
2023-01-04 08:21:17,260 INFO    SystemMonitor:20780 [interfaces.py:start():168] Started gpu
2023-01-04 08:21:17,269 INFO    SystemMonitor:20780 [interfaces.py:start():168] Started memory
2023-01-04 08:21:17,279 INFO    SystemMonitor:20780 [interfaces.py:start():168] Started network
2023-01-04 08:21:17,288 DEBUG   HandlerThread:20780 [system_info.py:probe():195] Probing system
2023-01-04 08:21:17,289 DEBUG   HandlerThread:20780 [system_info.py:_probe_git():180] Probing git
2023-01-04 08:21:17,352 DEBUG   HandlerThread:20780 [system_info.py:_probe_git():188] Probing git done
2023-01-04 08:21:17,352 DEBUG   HandlerThread:20780 [system_info.py:probe():241] Probing system done
2023-01-04 08:21:17,352 DEBUG   HandlerThread:20780 [system_monitor.py:probe():180] {'os': 'Windows-10-10.0.22000-SP0', 'python': '3.7.15', 'heartbeatAt': '2023-01-04T07:21:17.288356', 'startedAt': '2023-01-04T07:21:15.968513', 'docker': None, 'cuda': None, 'args': ('--algo', 'tqc', '--env', 'TestEnvironment-v1', '--progress', '--conf-file', '.\\hyperparams\\tqc.yml', '--eval-freq', '200', '--track', '--wandb-project-name', 'EigenHunt', '--device', 'cuda', '--vec-env', 'dummy', '--tensorboard-log', '/tmp/stable-baselines/', '--env-kwargs', 'render:True'), 'state': 'running', 'program': 'C:\\Users\\jandr\\anaconda3\\envs\\dlr\\Scripts\\rl_zoo3-script.py', 'codePath': '..\\..\\..\\..\\anaconda3\\envs\\dlr\\Scripts\\rl_zoo3-script.py', 'git': {'remote': 'https://github.com/coin15/EigenDRL.git', 'commit': '7e3ddf25ab860b5163e230bdbdbf4a5cccc58a66'}, 'email': 'ge56ruj@mytum.de', 'root': 'C:/Users/jandr/Documents/Terran/Master thesis/EigenDRL', 'host': 'LAPTOP-N6EUVKRH', 'username': 'jandr', 'executable': 'C:\\Users\\jandr\\anaconda3\\envs\\dlr\\python.exe', 'cpu_count': 8, 'cpu_count_logical': 16, 'cpu_freq': {'current': 2652.0, 'min': 0.0, 'max': 3301.0}, 'cpu_freq_per_core': [{'current': 2652.0, 'min': 0.0, 'max': 3301.0}], 'disk': {'total': 455.5081214904785, 'used': 423.1283378601074}, 'gpu': 'NVIDIA GeForce RTX 3060 Laptop GPU', 'gpu_count': 1, 'gpu_devices': [{'name': 'NVIDIA GeForce RTX 3060 Laptop GPU', 'memory_total': 6442450944}], 'memory': {'total': 15.422203063964844}}
2023-01-04 08:21:17,352 INFO    HandlerThread:20780 [system_monitor.py:probe():181] Finished collecting system info
2023-01-04 08:21:17,352 INFO    HandlerThread:20780 [system_monitor.py:probe():184] Publishing system info
2023-01-04 08:21:17,352 DEBUG   HandlerThread:20780 [system_info.py:_save_pip():52] Saving list of pip packages installed into the current environment
2023-01-04 08:21:17,353 DEBUG   HandlerThread:20780 [system_info.py:_save_pip():67] Saving pip packages done
2023-01-04 08:21:17,353 DEBUG   HandlerThread:20780 [system_info.py:_save_conda():75] Saving list of conda packages installed into the current environment
2023-01-04 08:21:17,357 ERROR   HandlerThread:20780 [system_info.py:_save_conda():85] Error saving conda packages: [WinError 2] The system cannot find the file specified
Traceback (most recent call last):
  File "C:\Users\jandr\anaconda3\envs\dlr\lib\site-packages\wandb\sdk\internal\system\system_info.py", line 82, in _save_conda
    ["conda", "env", "export"], stdout=f, stderr=subprocess.DEVNULL
  File "C:\Users\jandr\anaconda3\envs\dlr\lib\subprocess.py", line 339, in call
    with Popen(*popenargs, **kwargs) as p:
  File "C:\Users\jandr\anaconda3\envs\dlr\lib\subprocess.py", line 800, in __init__
    restore_signals, start_new_session)
  File "C:\Users\jandr\anaconda3\envs\dlr\lib\subprocess.py", line 1207, in _execute_child
    startupinfo)
FileNotFoundError: [WinError 2] The system cannot find the file specified
2023-01-04 08:21:17,358 DEBUG   HandlerThread:20780 [system_info.py:_save_conda():86] Saving conda packages done
2023-01-04 08:21:17,358 DEBUG   HandlerThread:20780 [system_info.py:_save_code():89] Saving code
2023-01-04 08:21:17,389 DEBUG   HandlerThread:20780 [system_info.py:_save_code():110] Saving code done
2023-01-04 08:21:17,389 DEBUG   HandlerThread:20780 [system_info.py:_save_patches():127] Saving git patches
2023-01-04 08:21:17,526 INFO    Thread-17 :20780 [dir_watcher.py:_on_file_created():275] file/dir created: C:\Users\jandr\Documents\Terran\Master thesis\EigenDRL\wandb\run-20230104_082115-itk8dhr9\files\requirements.txt
2023-01-04 08:21:17,526 INFO    Thread-17 :20780 [dir_watcher.py:_on_file_created():275] file/dir created: C:\Users\jandr\Documents\Terran\Master thesis\EigenDRL\wandb\run-20230104_082115-itk8dhr9\files\conda-environment.yaml
2023-01-04 08:21:17,526 INFO    Thread-17 :20780 [dir_watcher.py:_on_file_created():275] file/dir created: C:\Users\jandr\Documents\Terran\Master thesis\EigenDRL\wandb\run-20230104_082115-itk8dhr9\files\wandb-summary.json
2023-01-04 08:21:17,669 DEBUG   HandlerThread:20780 [system_info.py:_save_patches():169] Saving git patches done
2023-01-04 08:21:17,670 INFO    HandlerThread:20780 [system_monitor.py:probe():186] Finished publishing system info
2023-01-04 08:21:17,713 DEBUG   SenderThread:20780 [sender.py:send():303] send: files
2023-01-04 08:21:17,713 INFO    SenderThread:20780 [sender.py:_save_file():1171] saving file wandb-metadata.json with policy now
2023-01-04 08:21:17,714 INFO    SenderThread:20780 [sender.py:_save_file():1171] saving file code\..\..\..\..\anaconda3\envs\dlr\Scripts\rl_zoo3-script.py with policy now
2023-01-04 08:21:17,715 INFO    SenderThread:20780 [sender.py:_save_file():1171] saving file diff.patch with policy now
2023-01-04 08:21:17,722 DEBUG   HandlerThread:20780 [handler.py:handle_request():139] handle_request: stop_status
2023-01-04 08:21:17,723 DEBUG   SenderThread:20780 [sender.py:send_request():317] send_request: stop_status
2023-01-04 08:21:17,950 DEBUG   SenderThread:20780 [sender.py:send():303] send: telemetry
2023-01-04 08:21:17,953 DEBUG   SenderThread:20780 [sender.py:send():303] send: exit
2023-01-04 08:21:17,954 INFO    SenderThread:20780 [sender.py:send_exit():442] handling exit code: 1
2023-01-04 08:21:17,954 INFO    SenderThread:20780 [sender.py:send_exit():444] handling runtime: 1
2023-01-04 08:21:17,956 INFO    SenderThread:20780 [sender.py:_save_file():1171] saving file wandb-summary.json with policy end
2023-01-04 08:21:17,956 INFO    SenderThread:20780 [sender.py:send_exit():450] send defer
2023-01-04 08:21:17,957 DEBUG   HandlerThread:20780 [handler.py:handle_request():139] handle_request: defer
2023-01-04 08:21:17,957 INFO    HandlerThread:20780 [handler.py:handle_request_defer():162] handle defer: 0
2023-01-04 08:21:17,957 DEBUG   SenderThread:20780 [sender.py:send_request():317] send_request: defer
2023-01-04 08:21:17,957 INFO    SenderThread:20780 [sender.py:send_request_defer():459] handle sender defer: 0
2023-01-04 08:21:17,957 INFO    SenderThread:20780 [sender.py:transition_state():463] send defer: 1
2023-01-04 08:21:17,957 DEBUG   HandlerThread:20780 [handler.py:handle_request():139] handle_request: defer
2023-01-04 08:21:17,957 INFO    HandlerThread:20780 [handler.py:handle_request_defer():162] handle defer: 1
2023-01-04 08:21:17,957 INFO    HandlerThread:20780 [system_monitor.py:finish():160] Stopping system monitor
2023-01-04 08:21:17,957 DEBUG   SystemMonitor:20780 [system_monitor.py:_start():130] Starting system metrics aggregation loop
2023-01-04 08:21:17,958 DEBUG   SystemMonitor:20780 [system_monitor.py:_start():137] Finished system metrics aggregation loop
2023-01-04 08:21:17,958 DEBUG   SystemMonitor:20780 [system_monitor.py:_start():141] Publishing last batch of metrics
2023-01-04 08:21:17,958 INFO    HandlerThread:20780 [interfaces.py:finish():175] Joined cpu
2023-01-04 08:21:17,958 INFO    HandlerThread:20780 [interfaces.py:finish():175] Joined disk
2023-01-04 08:21:18,148 ERROR   Thread-35 :20780 [internal_api.py:upload_file():1924] upload_file exception https://storage.googleapis.com/wandb-production.appspot.com/tum-adlr-ss22-02/EigenHunt/itk8dhr9/../../../anaconda3/envs/dlr/Scripts/rl_zoo3-script.py?Expires=1672903276&GoogleAccessId=wandb-production%40appspot.gserviceaccount.com&Signature=Cc3S%2FOP%2B1ogEpt0Yk6Gldaattplf%2BdkV4E4NgJrz6ccdLvFqXTkbIxVwJ%2B7KuzsYHfKzJPIWUXBwYEFqxX7ipSRffjmFe3XBzjYE56lVW54JqdimcnYbjnzqvXS1XBD0GcOKrCYJLsRt8Hrfpo92Lt3DWWBryvrg9JI1VP1hvCQ6jmRLBR6BQPcg3Nb0XF%2BR3S4PD4MC%2BRQLUHzYD0ncmCYffVc9IuC37AbJ04NEm5mfoIT4wnaXQ%2BLQnhdYmpjTBVrJGxj3dxN0ShcNeqswKKZ2M0IqI7QZF4OwngXWH8yyxPoZSdm%2B2m7ammF%2BagIapjriZ8sbe6aWP4r9Pnjjjw%3D%3D: 403 Client Error: Forbidden for url: https://storage.googleapis.com/wandb-production.appspot.com/anaconda3/envs/dlr/Scripts/rl_zoo3-script.py?Expires=1672903276&GoogleAccessId=wandb-production%40appspot.gserviceaccount.com&Signature=Cc3S%2FOP%2B1ogEpt0Yk6Gldaattplf%2BdkV4E4NgJrz6ccdLvFqXTkbIxVwJ%2B7KuzsYHfKzJPIWUXBwYEFqxX7ipSRffjmFe3XBzjYE56lVW54JqdimcnYbjnzqvXS1XBD0GcOKrCYJLsRt8Hrfpo92Lt3DWWBryvrg9JI1VP1hvCQ6jmRLBR6BQPcg3Nb0XF%2BR3S4PD4MC%2BRQLUHzYD0ncmCYffVc9IuC37AbJ04NEm5mfoIT4wnaXQ%2BLQnhdYmpjTBVrJGxj3dxN0ShcNeqswKKZ2M0IqI7QZF4OwngXWH8yyxPoZSdm%2B2m7ammF%2BagIapjriZ8sbe6aWP4r9Pnjjjw%3D%3D
2023-01-04 08:21:18,148 ERROR   Thread-35 :20780 [internal_api.py:upload_file():1926] upload_file request headers: {'User-Agent': 'python-requests/2.28.1', 'Accept-Encoding': 'gzip, deflate', 'Accept': '*/*', 'Connection': 'keep-alive', 'Content-Length': '998'}
2023-01-04 08:21:18,148 ERROR   Thread-35 :20780 [internal_api.py:upload_file():1928] upload_file response body: b"<?xml version='1.0' encoding='UTF-8'?><Error><Code>SignatureDoesNotMatch</Code><Message>The request signature we calculated does not match the signature you provided. Check your Google secret key and signing method.</Message><StringToSign>PUT\n\n\n1672903276\n/wandb-production.appspot.com/anaconda3/envs/dlr/Scripts/rl_zoo3-script.py</StringToSign></Error>"
2023-01-04 08:21:18,151 ERROR   Thread-35 :20780 [upload_job.py:push():146] Failed to upload file: C:\Users\jandr\AppData\Local\Temp\tmp0at_5ec_wandb\23mqfci3-../../../anaconda3/envs/dlr/Scripts/rl_zoo3-script.py
Traceback (most recent call last):
  File "C:\Users\jandr\anaconda3\envs\dlr\lib\site-packages\wandb\apis\normalize.py", line 26, in wrapper
    return func(*args, **kwargs)
  File "C:\Users\jandr\anaconda3\envs\dlr\lib\site-packages\wandb\sdk\lib\retry.py", line 190, in wrapped_fn
    return retrier(*args, **kargs)
  File "C:\Users\jandr\anaconda3\envs\dlr\lib\site-packages\wandb\sdk\lib\retry.py", line 113, in __call__
    result = self._call_fn(*args, **kwargs)
  File "C:\Users\jandr\anaconda3\envs\dlr\lib\site-packages\wandb\sdk\internal\internal_api.py", line 1950, in upload_file
    util.sentry_reraise(e)
  File "C:\Users\jandr\anaconda3\envs\dlr\lib\site-packages\wandb\util.py", line 222, in sentry_reraise
    raise exc.with_traceback(sys.exc_info()[2])
  File "C:\Users\jandr\anaconda3\envs\dlr\lib\site-packages\wandb\sdk\internal\internal_api.py", line 1922, in upload_file
    response.raise_for_status()
  File "C:\Users\jandr\anaconda3\envs\dlr\lib\site-packages\requests\models.py", line 1021, in raise_for_status
    raise HTTPError(http_error_msg, response=self)
requests.exceptions.HTTPError: 403 Client Error: Forbidden for url: https://storage.googleapis.com/wandb-production.appspot.com/anaconda3/envs/dlr/Scripts/rl_zoo3-script.py?Expires=1672903276&GoogleAccessId=wandb-production%40appspot.gserviceaccount.com&Signature=Cc3S%2FOP%2B1ogEpt0Yk6Gldaattplf%2BdkV4E4NgJrz6ccdLvFqXTkbIxVwJ%2B7KuzsYHfKzJPIWUXBwYEFqxX7ipSRffjmFe3XBzjYE56lVW54JqdimcnYbjnzqvXS1XBD0GcOKrCYJLsRt8Hrfpo92Lt3DWWBryvrg9JI1VP1hvCQ6jmRLBR6BQPcg3Nb0XF%2BR3S4PD4MC%2BRQLUHzYD0ncmCYffVc9IuC37AbJ04NEm5mfoIT4wnaXQ%2BLQnhdYmpjTBVrJGxj3dxN0ShcNeqswKKZ2M0IqI7QZF4OwngXWH8yyxPoZSdm%2B2m7ammF%2BagIapjriZ8sbe6aWP4r9Pnjjjw%3D%3D

During handling of the above exception, another exception occurred:

Traceback (most recent call last):
  File "C:\Users\jandr\anaconda3\envs\dlr\lib\site-packages\wandb\filesync\upload_job.py", line 141, in push
    extra_headers=extra_headers,
  File "C:\Users\jandr\anaconda3\envs\dlr\lib\site-packages\wandb\apis\normalize.py", line 28, in wrapper
    raise CommError(err.response, err)
wandb.errors.CommError: <Response [403]>
2023-01-04 08:21:18,185 INFO    HandlerThread:20780 [interfaces.py:finish():175] Joined gpu
2023-01-04 08:21:18,186 INFO    HandlerThread:20780 [interfaces.py:finish():175] Joined memory
2023-01-04 08:21:18,186 INFO    HandlerThread:20780 [interfaces.py:finish():175] Joined network
2023-01-04 08:21:18,186 DEBUG   SenderThread:20780 [sender.py:send_request():317] send_request: defer
2023-01-04 08:21:18,186 INFO    SenderThread:20780 [sender.py:send_request_defer():459] handle sender defer: 1
2023-01-04 08:21:18,186 INFO    SenderThread:20780 [sender.py:transition_state():463] send defer: 2
2023-01-04 08:21:18,186 DEBUG   SenderThread:20780 [sender.py:send():303] send: stats
2023-01-04 08:21:18,187 DEBUG   HandlerThread:20780 [handler.py:handle_request():139] handle_request: defer
2023-01-04 08:21:18,187 INFO    HandlerThread:20780 [handler.py:handle_request_defer():162] handle defer: 2
2023-01-04 08:21:18,187 DEBUG   SenderThread:20780 [sender.py:send_request():317] send_request: defer
2023-01-04 08:21:18,187 INFO    SenderThread:20780 [sender.py:send_request_defer():459] handle sender defer: 2
2023-01-04 08:21:18,187 INFO    SenderThread:20780 [sender.py:transition_state():463] send defer: 3
2023-01-04 08:21:18,188 DEBUG   HandlerThread:20780 [handler.py:handle_request():139] handle_request: defer
2023-01-04 08:21:18,188 INFO    HandlerThread:20780 [handler.py:handle_request_defer():162] handle defer: 3
2023-01-04 08:21:18,188 DEBUG   SenderThread:20780 [sender.py:send_request():317] send_request: defer
2023-01-04 08:21:18,188 INFO    SenderThread:20780 [sender.py:send_request_defer():459] handle sender defer: 3
2023-01-04 08:21:18,188 INFO    SenderThread:20780 [sender.py:transition_state():463] send defer: 4
2023-01-04 08:21:18,188 DEBUG   HandlerThread:20780 [handler.py:handle_request():139] handle_request: defer
2023-01-04 08:21:18,189 INFO    HandlerThread:20780 [handler.py:handle_request_defer():162] handle defer: 4
2023-01-04 08:21:18,189 DEBUG   SenderThread:20780 [sender.py:send():303] send: summary
2023-01-04 08:21:18,189 INFO    SenderThread:20780 [sender.py:_save_file():1171] saving file wandb-summary.json with policy end
2023-01-04 08:21:18,195 DEBUG   SenderThread:20780 [sender.py:send_request():317] send_request: defer
2023-01-04 08:21:18,195 INFO    SenderThread:20780 [sender.py:send_request_defer():459] handle sender defer: 4
2023-01-04 08:21:18,195 INFO    SenderThread:20780 [sender.py:transition_state():463] send defer: 5
2023-01-04 08:21:18,195 DEBUG   HandlerThread:20780 [handler.py:handle_request():139] handle_request: defer
2023-01-04 08:21:18,195 INFO    HandlerThread:20780 [handler.py:handle_request_defer():162] handle defer: 5
2023-01-04 08:21:18,196 DEBUG   SenderThread:20780 [sender.py:send_request():317] send_request: defer
2023-01-04 08:21:18,196 INFO    SenderThread:20780 [sender.py:send_request_defer():459] handle sender defer: 5
2023-01-04 08:21:18,331 INFO    Thread-34 :20780 [upload_job.py:push():143] Uploaded file C:\Users\jandr\AppData\Local\Temp\tmp0at_5ec_wandb\15b4fwkw-wandb-metadata.json
2023-01-04 08:21:18,337 INFO    Thread-36 :20780 [upload_job.py:push():143] Uploaded file C:\Users\jandr\AppData\Local\Temp\tmp0at_5ec_wandb\1kg155nn-diff.patch
2023-01-04 08:21:18,469 INFO    SenderThread:20780 [sender.py:transition_state():463] send defer: 6
2023-01-04 08:21:18,469 DEBUG   HandlerThread:20780 [handler.py:handle_request():139] handle_request: defer
2023-01-04 08:21:18,469 INFO    HandlerThread:20780 [handler.py:handle_request_defer():162] handle defer: 6
2023-01-04 08:21:18,469 DEBUG   SenderThread:20780 [sender.py:send_request():317] send_request: defer
2023-01-04 08:21:18,469 INFO    SenderThread:20780 [sender.py:send_request_defer():459] handle sender defer: 6
2023-01-04 08:21:18,531 INFO    Thread-17 :20780 [dir_watcher.py:_on_file_modified():292] file/dir modified: C:\Users\jandr\Documents\Terran\Master thesis\EigenDRL\wandb\run-20230104_082115-itk8dhr9\files\config.yaml
2023-01-04 08:21:18,531 INFO    Thread-17 :20780 [dir_watcher.py:_on_file_modified():292] file/dir modified: C:\Users\jandr\Documents\Terran\Master thesis\EigenDRL\wandb\run-20230104_082115-itk8dhr9\files\wandb-summary.json
2023-01-04 08:21:18,532 INFO    Thread-17 :20780 [dir_watcher.py:_on_file_created():275] file/dir created: C:\Users\jandr\Documents\Terran\Master thesis\EigenDRL\wandb\run-20230104_082115-itk8dhr9\files\diff.patch
2023-01-04 08:21:18,532 INFO    Thread-17 :20780 [dir_watcher.py:_on_file_created():275] file/dir created: C:\Users\jandr\Documents\Terran\Master thesis\EigenDRL\wandb\run-20230104_082115-itk8dhr9\files\wandb-metadata.json
2023-01-04 08:21:18,532 INFO    Thread-17 :20780 [dir_watcher.py:_on_file_created():275] file/dir created: C:\Users\jandr\Documents\Terran\Master thesis\EigenDRL\wandb\run-20230104_082115-itk8dhr9\files\output.log
2023-01-04 08:21:18,747 DEBUG   HandlerThread:20780 [handler.py:handle_request():139] handle_request: poll_exit
2023-01-04 08:21:20,542 INFO    Thread-17 :20780 [dir_watcher.py:_on_file_modified():292] file/dir modified: C:\Users\jandr\Documents\Terran\Master thesis\EigenDRL\wandb\run-20230104_082115-itk8dhr9\files\output.log
2023-01-04 08:21:21,966 INFO    SenderThread:20780 [sender.py:transition_state():463] send defer: 7
2023-01-04 08:21:21,967 DEBUG   SenderThread:20780 [sender.py:send_request():317] send_request: poll_exit
2023-01-04 08:21:21,967 DEBUG   HandlerThread:20780 [handler.py:handle_request():139] handle_request: defer
2023-01-04 08:21:21,967 INFO    HandlerThread:20780 [handler.py:handle_request_defer():162] handle defer: 7
2023-01-04 08:21:21,967 DEBUG   SenderThread:20780 [sender.py:send_request():317] send_request: defer
2023-01-04 08:21:21,967 INFO    SenderThread:20780 [sender.py:send_request_defer():459] handle sender defer: 7
2023-01-04 08:21:21,968 INFO    SenderThread:20780 [dir_watcher.py:finish():362] shutting down directory watcher
2023-01-04 08:21:22,556 INFO    SenderThread:20780 [dir_watcher.py:_on_file_modified():292] file/dir modified: C:\Users\jandr\Documents\Terran\Master thesis\EigenDRL\wandb\run-20230104_082115-itk8dhr9\files\output.log
2023-01-04 08:21:22,557 INFO    SenderThread:20780 [dir_watcher.py:finish():392] scan: C:\Users\jandr\Documents\Terran\Master thesis\EigenDRL\wandb\run-20230104_082115-itk8dhr9\files
2023-01-04 08:21:22,557 INFO    SenderThread:20780 [dir_watcher.py:finish():406] scan save: C:\Users\jandr\Documents\Terran\Master thesis\EigenDRL\wandb\run-20230104_082115-itk8dhr9\files\conda-environment.yaml conda-environment.yaml
2023-01-04 08:21:22,557 INFO    SenderThread:20780 [dir_watcher.py:finish():406] scan save: C:\Users\jandr\Documents\Terran\Master thesis\EigenDRL\wandb\run-20230104_082115-itk8dhr9\files\config.yaml config.yaml
2023-01-04 08:21:22,558 INFO    SenderThread:20780 [dir_watcher.py:finish():406] scan save: C:\Users\jandr\Documents\Terran\Master thesis\EigenDRL\wandb\run-20230104_082115-itk8dhr9\files\diff.patch diff.patch
2023-01-04 08:21:22,558 INFO    SenderThread:20780 [dir_watcher.py:finish():406] scan save: C:\Users\jandr\Documents\Terran\Master thesis\EigenDRL\wandb\run-20230104_082115-itk8dhr9\files\output.log output.log
2023-01-04 08:21:22,560 INFO    SenderThread:20780 [dir_watcher.py:finish():406] scan save: C:\Users\jandr\Documents\Terran\Master thesis\EigenDRL\wandb\run-20230104_082115-itk8dhr9\files\requirements.txt requirements.txt
2023-01-04 08:21:22,562 INFO    SenderThread:20780 [dir_watcher.py:finish():406] scan save: C:\Users\jandr\Documents\Terran\Master thesis\EigenDRL\wandb\run-20230104_082115-itk8dhr9\files\wandb-metadata.json wandb-metadata.json
2023-01-04 08:21:22,563 INFO    SenderThread:20780 [dir_watcher.py:finish():406] scan save: C:\Users\jandr\Documents\Terran\Master thesis\EigenDRL\wandb\run-20230104_082115-itk8dhr9\files\wandb-summary.json wandb-summary.json
2023-01-04 08:21:22,565 INFO    SenderThread:20780 [sender.py:transition_state():463] send defer: 8
2023-01-04 08:21:22,568 DEBUG   HandlerThread:20780 [handler.py:handle_request():139] handle_request: defer
2023-01-04 08:21:22,568 INFO    HandlerThread:20780 [handler.py:handle_request_defer():162] handle defer: 8
2023-01-04 08:21:22,568 DEBUG   SenderThread:20780 [sender.py:send_request():317] send_request: defer
2023-01-04 08:21:22,568 INFO    SenderThread:20780 [sender.py:send_request_defer():459] handle sender defer: 8
2023-01-04 08:21:22,568 INFO    SenderThread:20780 [file_pusher.py:finish():168] shutting down file pusher
2023-01-04 08:21:23,160 INFO    Thread-37 :20780 [upload_job.py:push():143] Uploaded file C:\Users\jandr\Documents\Terran\Master thesis\EigenDRL\wandb\run-20230104_082115-itk8dhr9\files\config.yaml
2023-01-04 08:21:23,160 INFO    Thread-39 :20780 [upload_job.py:push():143] Uploaded file C:\Users\jandr\Documents\Terran\Master thesis\EigenDRL\wandb\run-20230104_082115-itk8dhr9\files\requirements.txt
2023-01-04 08:21:23,162 INFO    Thread-38 :20780 [upload_job.py:push():143] Uploaded file C:\Users\jandr\Documents\Terran\Master thesis\EigenDRL\wandb\run-20230104_082115-itk8dhr9\files\output.log
2023-01-04 08:21:23,164 INFO    Thread-40 :20780 [upload_job.py:push():143] Uploaded file C:\Users\jandr\Documents\Terran\Master thesis\EigenDRL\wandb\run-20230104_082115-itk8dhr9\files\wandb-summary.json
2023-01-04 08:21:23,375 INFO    Thread-16 :20780 [sender.py:transition_state():463] send defer: 9
2023-01-04 08:21:23,376 DEBUG   HandlerThread:20780 [handler.py:handle_request():139] handle_request: defer
2023-01-04 08:21:23,376 INFO    HandlerThread:20780 [handler.py:handle_request_defer():162] handle defer: 9
2023-01-04 08:21:23,376 DEBUG   SenderThread:20780 [sender.py:send_request():317] send_request: defer
2023-01-04 08:21:23,376 INFO    SenderThread:20780 [sender.py:send_request_defer():459] handle sender defer: 9
2023-01-04 08:21:23,376 INFO    SenderThread:20780 [file_pusher.py:join():173] waiting for file pusher
2023-01-04 08:21:23,376 INFO    SenderThread:20780 [sender.py:transition_state():463] send defer: 10
2023-01-04 08:21:23,376 DEBUG   HandlerThread:20780 [handler.py:handle_request():139] handle_request: defer
2023-01-04 08:21:23,377 INFO    HandlerThread:20780 [handler.py:handle_request_defer():162] handle defer: 10
2023-01-04 08:21:23,377 DEBUG   SenderThread:20780 [sender.py:send_request():317] send_request: defer
2023-01-04 08:21:23,377 INFO    SenderThread:20780 [sender.py:send_request_defer():459] handle sender defer: 10
2023-01-04 08:21:23,569 INFO    SenderThread:20780 [sender.py:transition_state():463] send defer: 11
2023-01-04 08:21:23,569 DEBUG   HandlerThread:20780 [handler.py:handle_request():139] handle_request: defer
2023-01-04 08:21:23,569 INFO    HandlerThread:20780 [handler.py:handle_request_defer():162] handle defer: 11
2023-01-04 08:21:23,569 DEBUG   SenderThread:20780 [sender.py:send_request():317] send_request: defer
2023-01-04 08:21:23,569 INFO    SenderThread:20780 [sender.py:send_request_defer():459] handle sender defer: 11
2023-01-04 08:21:23,569 INFO    SenderThread:20780 [sender.py:transition_state():463] send defer: 12
2023-01-04 08:21:23,570 DEBUG   SenderThread:20780 [sender.py:send():303] send: final
2023-01-04 08:21:23,570 DEBUG   SenderThread:20780 [sender.py:send():303] send: footer
2023-01-04 08:21:23,570 DEBUG   HandlerThread:20780 [handler.py:handle_request():139] handle_request: defer
2023-01-04 08:21:23,570 INFO    HandlerThread:20780 [handler.py:handle_request_defer():162] handle defer: 12
2023-01-04 08:21:23,570 DEBUG   SenderThread:20780 [sender.py:send_request():317] send_request: defer
2023-01-04 08:21:23,570 INFO    SenderThread:20780 [sender.py:send_request_defer():459] handle sender defer: 12
2023-01-04 08:21:23,571 DEBUG   HandlerThread:20780 [handler.py:handle_request():139] handle_request: poll_exit
2023-01-04 08:21:23,571 DEBUG   SenderThread:20780 [sender.py:send_request():317] send_request: poll_exit
2023-01-04 08:21:23,571 DEBUG   HandlerThread:20780 [handler.py:handle_request():139] handle_request: server_info
2023-01-04 08:21:23,572 DEBUG   SenderThread:20780 [sender.py:send_request():317] send_request: server_info
2023-01-04 08:21:23,572 DEBUG   HandlerThread:20780 [handler.py:handle_request():139] handle_request: get_summary
2023-01-04 08:21:23,573 DEBUG   HandlerThread:20780 [handler.py:handle_request():139] handle_request: sampled_history
2023-01-04 08:21:24,030 INFO    MainThread:20780 [wandb_run.py:_footer_history_summary_info():3408] rendering history
2023-01-04 08:21:24,031 INFO    MainThread:20780 [wandb_run.py:_footer_history_summary_info():3440] rendering summary
2023-01-04 08:21:24,031 INFO    MainThread:20780 [wandb_run.py:_footer_sync_info():3364] logging synced files
2023-01-04 08:21:24,031 DEBUG   HandlerThread:20780 [handler.py:handle_request():139] handle_request: shutdown
2023-01-04 08:21:24,031 INFO    HandlerThread:20780 [handler.py:finish():814] shutting down handler
2023-01-04 08:21:24,583 INFO    WriterThread:20780 [datastore.py:close():279] close: C:\Users\jandr\Documents\Terran\Master thesis\EigenDRL\wandb\run-20230104_082115-itk8dhr9\run-itk8dhr9.wandb
2023-01-04 08:21:25,032 INFO    SenderThread:20780 [sender.py:finish():1331] shutting down sender
2023-01-04 08:21:25,032 INFO    SenderThread:20780 [file_pusher.py:finish():168] shutting down file pusher
2023-01-04 08:21:25,032 INFO    SenderThread:20780 [file_pusher.py:join():173] waiting for file pusher
2023-01-04 08:21:25,100 INFO    MainThread:20780 [internal.py:handle_exit():77] Internal process exited
